[ 2014-06-24T11:44:19+08:00 ] 192.168.2.212 /
INFO: [ app_init ] --START--
INFO: Run Behavior\BuildLiteBehavior [ RunTime:0.000071s ]
INFO: [ app_init ] --END-- [ RunTime:0.012386s ]
INFO: [ app_begin ] --START--
INFO: Run Behavior\ReadHtmlCacheBehavior [ RunTime:0.023290s ]
INFO: [ app_begin ] --END-- [ RunTime:0.023634s ]
NOTIC: [8] Undefined index: cid E:\work\isweek-dev\Application\Home\Controller\CommonController.class.php 第 38 行.
SQL: SHOW COLUMNS FROM `sp_terms` [ RunTime:0.001450s ]
SQL: SELECT * FROM `sp_terms` WHERE ( `term_id` = 0 ) LIMIT 1   [ RunTime:0.000809s ]
NOTIC: [8] Undefined index: perpage E:\work\isweek-dev\Application\Home\Controller\IndexController.class.php 第 29 行.
NOTIC: [8] Undefined index: p E:\work\isweek-dev\Application\Home\Controller\IndexController.class.php 第 30 行.
SQL: SHOW COLUMNS FROM `sp_products` [ RunTime:0.001795s ]
SQL: SELECT COUNT(*) AS tp_count FROM `sp_products` WHERE ( `audit` = 1 AND `status` = 1  ) LIMIT 1   [ RunTime:0.000635s ]
NOTIC: [8] Undefined index: p E:\work\isweek-dev\ThinkPHP\Library\Org\Cmf\Page.class.php 第 176 行.
NOTIC: [8] Undefined index: p E:\work\isweek-dev\ThinkPHP\Library\Org\Cmf\Page.class.php 第 176 行.
NOTIC: [8] Undefined variable: pList E:\work\isweek-dev\ThinkPHP\Library\Org\Cmf\Page.class.php 第 211 行.
NOTIC: [8] Undefined variable: pListEnd E:\work\isweek-dev\ThinkPHP\Library\Org\Cmf\Page.class.php 第 258 行.
NOTIC: [8] Undefined variable: pListStart E:\work\isweek-dev\ThinkPHP\Library\Org\Cmf\Page.class.php 第 320 行.
NOTIC: [8] Undefined variable: pFirst E:\work\isweek-dev\ThinkPHP\Library\Org\Cmf\Page.class.php 第 320 行.
NOTIC: [8] Undefined variable: pPrev E:\work\isweek-dev\ThinkPHP\Library\Org\Cmf\Page.class.php 第 320 行.
SQL: SELECT * FROM `sp_products` WHERE `audit` = 1 AND `status` = 1 AND `recommend` = 1 union all SELECT * FROM `sp_products` WHERE `audit` = 1 AND `status` = 1 AND `recommend` = 0 ORDER BY `recommend` desc,`edit_time` desc,`audit_time` desc LIMIT 0, 2 [ RunTime:0.002418s ]
INFO: [ view_parse ] --START--
INFO: [ template_filter ] --START--
INFO: Run Behavior\ContentReplaceBehavior [ RunTime:0.000593s ]
INFO: [ template_filter ] --END-- [ RunTime:0.000901s ]
NOTIC: [8] Undefined variable: curr_search_cid E:\work\isweek-dev\Application\Runtime\Cache\Home\fed3948f064c6e682df0776db3761049.php 第 58 行.
NOTIC: [8] Undefined variable: curr_search_cid E:\work\isweek-dev\Application\Runtime\Cache\Home\fed3948f064c6e682df0776db3761049.php 第 58 行.
NOTIC: [8] Undefined variable: curr_search_cid E:\work\isweek-dev\Application\Runtime\Cache\Home\fed3948f064c6e682df0776db3761049.php 第 58 行.
NOTIC: [8] Undefined variable: curr_search_cid E:\work\isweek-dev\Application\Runtime\Cache\Home\fed3948f064c6e682df0776db3761049.php 第 58 行.
NOTIC: [8] Undefined variable: curr_search_cid E:\work\isweek-dev\Application\Runtime\Cache\Home\fed3948f064c6e682df0776db3761049.php 第 58 行.
NOTIC: [8] Undefined variable: curr_search_cid E:\work\isweek-dev\Application\Runtime\Cache\Home\fed3948f064c6e682df0776db3761049.php 第 58 行.
NOTIC: [8] Undefined variable: curr_search_cid E:\work\isweek-dev\Application\Runtime\Cache\Home\fed3948f064c6e682df0776db3761049.php 第 58 行.
NOTIC: [8] Undefined variable: curr_search_cid E:\work\isweek-dev\Application\Runtime\Cache\Home\fed3948f064c6e682df0776db3761049.php 第 58 行.
NOTIC: [8] Undefined variable: curr_search_cid E:\work\isweek-dev\Application\Runtime\Cache\Home\fed3948f064c6e682df0776db3761049.php 第 58 行.
NOTIC: [8] Undefined variable: curr_search_cid E:\work\isweek-dev\Application\Runtime\Cache\Home\fed3948f064c6e682df0776db3761049.php 第 58 行.
INFO: Run Behavior\ParseTemplateBehavior [ RunTime:0.266534s ]
INFO: [ view_parse ] --END-- [ RunTime:0.266842s ]
INFO: [ view_filter ] --START--
INFO: Run Behavior\WriteHtmlCacheBehavior [ RunTime:0.015440s ]
INFO: [ view_filter ] --END-- [ RunTime:0.015711s ]
INFO: [ app_end ] --START--
INFO: Run Behavior\ShowPageTraceBehavior [ RunTime:0.035801s ]
INFO: [ app_end ] --END-- [ RunTime:0.036127s ]

