[ 2014-06-20T17:10:07+08:00 ] 192.168.2.212 /
INFO: [ app_init ] --START--
INFO: Run Behavior\BuildLiteBehavior [ RunTime:0.000072s ]
INFO: [ app_init ] --END-- [ RunTime:0.020332s ]
INFO: [ app_begin ] --START--
INFO: Run Behavior\ReadHtmlCacheBehavior [ RunTime:0.023242s ]
INFO: [ app_begin ] --END-- [ RunTime:0.023601s ]
NOTIC: [8] Undefined index: cid E:\work\isweek-dev\Application\Home\Controller\CommonController.class.php 第 38 行.
SQL: SHOW COLUMNS FROM `sp_terms` [ RunTime:0.001434s ]
SQL: SELECT * FROM `sp_terms` WHERE ( `term_id` = 0 ) LIMIT 1   [ RunTime:0.000786s ]
NOTIC: [8] Undefined index: perpage E:\work\isweek-dev\Application\Home\Controller\IndexController.class.php 第 29 行.
NOTIC: [8] Undefined index: p E:\work\isweek-dev\Application\Home\Controller\IndexController.class.php 第 30 行.
SQL: SHOW COLUMNS FROM `sp_products` [ RunTime:0.001974s ]
SQL: SELECT COUNT(*) AS tp_count FROM `sp_products` WHERE ( `audit` = 1 AND `status` = 1  ) LIMIT 1   [ RunTime:0.000833s ]
NOTIC: [8] Undefined index: p E:\work\isweek-dev\ThinkPHP\Library\Org\Cmf\Page.class.php 第 176 行.
NOTIC: [8] Undefined index: p E:\work\isweek-dev\ThinkPHP\Library\Org\Cmf\Page.class.php 第 176 行.
NOTIC: [8] Undefined variable: pList E:\work\isweek-dev\ThinkPHP\Library\Org\Cmf\Page.class.php 第 211 行.
NOTIC: [8] Undefined variable: pListEnd E:\work\isweek-dev\ThinkPHP\Library\Org\Cmf\Page.class.php 第 258 行.
NOTIC: [8] Undefined variable: pListStart E:\work\isweek-dev\ThinkPHP\Library\Org\Cmf\Page.class.php 第 320 行.
NOTIC: [8] Undefined variable: pFirst E:\work\isweek-dev\ThinkPHP\Library\Org\Cmf\Page.class.php 第 320 行.
NOTIC: [8] Undefined variable: pPrev E:\work\isweek-dev\ThinkPHP\Library\Org\Cmf\Page.class.php 第 320 行.
SQL: SELECT * FROM `sp_products` WHERE `audit` = 1 AND `status` = 1 AND `recommend` = 1 union all SELECT * FROM `sp_products` WHERE `audit` = 1 AND `status` = 1 AND `recommend` = 0 ORDER BY `recommend` desc,`edit_time` desc,`audit_time` desc LIMIT 0, 2 [ RunTime:0.002405s ]
INFO: [ view_parse ] --START--
INFO: [ template_filter ] --START--
INFO: Run Behavior\ContentReplaceBehavior [ RunTime:0.000594s ]
INFO: [ template_filter ] --END-- [ RunTime:0.000920s ]
NOTIC: [8] Undefined variable: curr_search_cid E:\work\isweek-dev\Application\Runtime\Cache\Home\fed3948f064c6e682df0776db3761049.php 第 58 行.
NOTIC: [8] Undefined variable: curr_search_cid E:\work\isweek-dev\Application\Runtime\Cache\Home\fed3948f064c6e682df0776db3761049.php 第 58 行.
NOTIC: [8] Undefined variable: curr_search_cid E:\work\isweek-dev\Application\Runtime\Cache\Home\fed3948f064c6e682df0776db3761049.php 第 58 行.
NOTIC: [8] Undefined variable: curr_search_cid E:\work\isweek-dev\Application\Runtime\Cache\Home\fed3948f064c6e682df0776db3761049.php 第 58 行.
NOTIC: [8] Undefined variable: curr_search_cid E:\work\isweek-dev\Application\Runtime\Cache\Home\fed3948f064c6e682df0776db3761049.php 第 58 行.
NOTIC: [8] Undefined variable: curr_search_cid E:\work\isweek-dev\Application\Runtime\Cache\Home\fed3948f064c6e682df0776db3761049.php 第 58 行.
NOTIC: [8] Undefined variable: curr_search_cid E:\work\isweek-dev\Application\Runtime\Cache\Home\fed3948f064c6e682df0776db3761049.php 第 58 行.
NOTIC: [8] Undefined variable: curr_search_cid E:\work\isweek-dev\Application\Runtime\Cache\Home\fed3948f064c6e682df0776db3761049.php 第 58 行.
NOTIC: [8] Undefined variable: curr_search_cid E:\work\isweek-dev\Application\Runtime\Cache\Home\fed3948f064c6e682df0776db3761049.php 第 58 行.
NOTIC: [8] Undefined variable: curr_search_cid E:\work\isweek-dev\Application\Runtime\Cache\Home\fed3948f064c6e682df0776db3761049.php 第 58 行.
INFO: Run Behavior\ParseTemplateBehavior [ RunTime:0.364723s ]
INFO: [ view_parse ] --END-- [ RunTime:0.365048s ]
INFO: [ view_filter ] --START--
INFO: Run Behavior\WriteHtmlCacheBehavior [ RunTime:0.058767s ]
INFO: [ view_filter ] --END-- [ RunTime:0.059046s ]
INFO: [ app_end ] --START--
INFO: Run Behavior\ShowPageTraceBehavior [ RunTime:0.085117s ]
INFO: [ app_end ] --END-- [ RunTime:0.085907s ]

[ 2014-06-20T17:10:08+08:00 ] 192.168.2.212 /AllCategorys/index
INFO: [ app_init ] --START--
INFO: Run Behavior\BuildLiteBehavior [ RunTime:0.000075s ]
INFO: [ app_init ] --END-- [ RunTime:0.002130s ]
INFO: [ app_begin ] --START--
INFO: Run Behavior\ReadHtmlCacheBehavior [ RunTime:0.002808s ]
INFO: [ app_begin ] --END-- [ RunTime:0.003124s ]
NOTIC: [8] Undefined index: cid E:\work\isweek-dev\Application\Home\Controller\CommonController.class.php 第 38 行.
SQL: SHOW COLUMNS FROM `sp_terms` [ RunTime:0.001410s ]
SQL: SELECT * FROM `sp_terms` WHERE ( `term_id` = 0 ) LIMIT 1   [ RunTime:0.000870s ]
INFO: [ view_parse ] --START--
INFO: [ template_filter ] --START--
INFO: Run Behavior\ContentReplaceBehavior [ RunTime:0.000529s ]
INFO: [ template_filter ] --END-- [ RunTime:0.000800s ]
NOTIC: [8] Undefined variable: curr_search_cid E:\work\isweek-dev\Application\Runtime\Cache\Home\2c3bbb867674f91a2c5c5ee8468c08d0.php 第 58 行.
NOTIC: [8] Undefined variable: curr_search_cid E:\work\isweek-dev\Application\Runtime\Cache\Home\2c3bbb867674f91a2c5c5ee8468c08d0.php 第 58 行.
NOTIC: [8] Undefined variable: curr_search_cid E:\work\isweek-dev\Application\Runtime\Cache\Home\2c3bbb867674f91a2c5c5ee8468c08d0.php 第 58 行.
NOTIC: [8] Undefined variable: curr_search_cid E:\work\isweek-dev\Application\Runtime\Cache\Home\2c3bbb867674f91a2c5c5ee8468c08d0.php 第 58 行.
NOTIC: [8] Undefined variable: curr_search_cid E:\work\isweek-dev\Application\Runtime\Cache\Home\2c3bbb867674f91a2c5c5ee8468c08d0.php 第 58 行.
NOTIC: [8] Undefined variable: curr_search_cid E:\work\isweek-dev\Application\Runtime\Cache\Home\2c3bbb867674f91a2c5c5ee8468c08d0.php 第 58 行.
NOTIC: [8] Undefined variable: curr_search_cid E:\work\isweek-dev\Application\Runtime\Cache\Home\2c3bbb867674f91a2c5c5ee8468c08d0.php 第 58 行.
NOTIC: [8] Undefined variable: curr_search_cid E:\work\isweek-dev\Application\Runtime\Cache\Home\2c3bbb867674f91a2c5c5ee8468c08d0.php 第 58 行.
NOTIC: [8] Undefined variable: curr_search_cid E:\work\isweek-dev\Application\Runtime\Cache\Home\2c3bbb867674f91a2c5c5ee8468c08d0.php 第 58 行.
NOTIC: [8] Undefined variable: curr_search_cid E:\work\isweek-dev\Application\Runtime\Cache\Home\2c3bbb867674f91a2c5c5ee8468c08d0.php 第 58 行.
NOTIC: [8] Undefined index: _child E:\work\isweek-dev\Application\Runtime\Cache\Home\2c3bbb867674f91a2c5c5ee8468c08d0.php 第 93 行.
NOTIC: [2] Invalid argument supplied for foreach() E:\work\isweek-dev\Application\Runtime\Cache\Home\2c3bbb867674f91a2c5c5ee8468c08d0.php 第 93 行.
NOTIC: [8] Undefined index: _child E:\work\isweek-dev\Application\Runtime\Cache\Home\2c3bbb867674f91a2c5c5ee8468c08d0.php 第 93 行.
NOTIC: [2] Invalid argument supplied for foreach() E:\work\isweek-dev\Application\Runtime\Cache\Home\2c3bbb867674f91a2c5c5ee8468c08d0.php 第 93 行.
NOTIC: [8] Undefined index: _child E:\work\isweek-dev\Application\Runtime\Cache\Home\2c3bbb867674f91a2c5c5ee8468c08d0.php 第 93 行.
NOTIC: [2] Invalid argument supplied for foreach() E:\work\isweek-dev\Application\Runtime\Cache\Home\2c3bbb867674f91a2c5c5ee8468c08d0.php 第 93 行.
NOTIC: [8] Undefined index: _child E:\work\isweek-dev\Application\Runtime\Cache\Home\2c3bbb867674f91a2c5c5ee8468c08d0.php 第 93 行.
NOTIC: [2] Invalid argument supplied for foreach() E:\work\isweek-dev\Application\Runtime\Cache\Home\2c3bbb867674f91a2c5c5ee8468c08d0.php 第 93 行.
NOTIC: [8] Undefined index: _child E:\work\isweek-dev\Application\Runtime\Cache\Home\2c3bbb867674f91a2c5c5ee8468c08d0.php 第 93 行.
NOTIC: [2] Invalid argument supplied for foreach() E:\work\isweek-dev\Application\Runtime\Cache\Home\2c3bbb867674f91a2c5c5ee8468c08d0.php 第 93 行.
INFO: Run Behavior\ParseTemplateBehavior [ RunTime:0.073209s ]
INFO: [ view_parse ] --END-- [ RunTime:0.073526s ]
INFO: [ view_filter ] --START--
INFO: Run Behavior\WriteHtmlCacheBehavior [ RunTime:0.001903s ]
INFO: [ view_filter ] --END-- [ RunTime:0.002150s ]
INFO: [ app_end ] --START--
INFO: Run Behavior\ShowPageTraceBehavior [ RunTime:0.003373s ]
INFO: [ app_end ] --END-- [ RunTime:0.003729s ]

