[ 2014-07-09T08:46:26+08:00 ] 192.168.2.212 /Admin/products/add
INFO: [ app_init ] --START--
INFO: Run Behavior\BuildLiteBehavior [ RunTime:0.000075s ]
INFO: [ app_init ] --END-- [ RunTime:0.020109s ]
INFO: [ app_begin ] --START--
INFO: Run Behavior\ReadHtmlCacheBehavior [ RunTime:0.023260s ]
INFO: [ app_begin ] --END-- [ RunTime:0.023609s ]
NOTIC: [2048] Declaration of Admin\Controller\ProductsController::listorders() should be compatible with that of Admin\Controller\AdminbaseController::listorders() E:\work\isweek-dev\Application\Admin\Controller\ProductsController.class.php 第 3 行.
NOTIC: [2048] Declaration of Admin\Controller\ProductsController::show() should be compatible with that of Think\Controller::show() E:\work\isweek-dev\Application\Admin\Controller\ProductsController.class.php 第 3 行.
SQL: SHOW COLUMNS FROM `sp_users` [ RunTime:0.001831s ]
SQL: SELECT * FROM `sp_users` WHERE ( ID=1 ) LIMIT 1   [ RunTime:0.001292s ]
SQL: SHOW COLUMNS FROM `sp_products` [ RunTime:0.001884s ]
NOTIC: [2048] Declaration of Admin\Model\TermsModel::_before_write() should be compatible with that of Think\Model::_before_write() E:\work\isweek-dev\Application\Admin\Model\TermsModel.class.php 第 275 行.
SQL: SHOW COLUMNS FROM `sp_terms` [ RunTime:0.001430s ]
SQL: SHOW COLUMNS FROM `sp_suppliers` [ RunTime:0.001359s ]
SQL: SELECT `id`,`name` FROM `sp_suppliers` ORDER BY name ASC,listorder ASC  [ RunTime:0.000908s ]
NOTIC: [8] Undefined index: category E:\work\isweek-dev\Application\Admin\Controller\ProductsController.class.php 第 324 行.
SQL: SELECT * FROM `sp_terms` ORDER BY `listorder` asc  [ RunTime:0.001930s ]
INFO: [ view_parse ] --START--
INFO: [ template_filter ] --START--
INFO: Run Behavior\ContentReplaceBehavior [ RunTime:0.000203s ]
INFO: [ template_filter ] --END-- [ RunTime:0.000310s ]
NOTIC: [8] Use of undefined constant id - assumed 'id' E:\work\isweek-dev\Application\Runtime\Cache\Admin\94ebc0d47859bcf913c7905c246eb6a6.php 第 79 行.
NOTIC: [8] Use of undefined constant supplier_id - assumed 'supplier_id' E:\work\isweek-dev\Application\Runtime\Cache\Admin\94ebc0d47859bcf913c7905c246eb6a6.php 第 79 行.
NOTIC: [8] Undefined variable: products E:\work\isweek-dev\Application\Runtime\Cache\Admin\94ebc0d47859bcf913c7905c246eb6a6.php 第 79 行.
NOTIC: [8] Use of undefined constant id - assumed 'id' E:\work\isweek-dev\Application\Runtime\Cache\Admin\94ebc0d47859bcf913c7905c246eb6a6.php 第 79 行.
NOTIC: [8] Use of undefined constant supplier_id - assumed 'supplier_id' E:\work\isweek-dev\Application\Runtime\Cache\Admin\94ebc0d47859bcf913c7905c246eb6a6.php 第 79 行.
NOTIC: [8] Undefined variable: products E:\work\isweek-dev\Application\Runtime\Cache\Admin\94ebc0d47859bcf913c7905c246eb6a6.php 第 79 行.
NOTIC: [8] Use of undefined constant id - assumed 'id' E:\work\isweek-dev\Application\Runtime\Cache\Admin\94ebc0d47859bcf913c7905c246eb6a6.php 第 79 行.
NOTIC: [8] Use of undefined constant supplier_id - assumed 'supplier_id' E:\work\isweek-dev\Application\Runtime\Cache\Admin\94ebc0d47859bcf913c7905c246eb6a6.php 第 79 行.
NOTIC: [8] Undefined variable: products E:\work\isweek-dev\Application\Runtime\Cache\Admin\94ebc0d47859bcf913c7905c246eb6a6.php 第 79 行.
INFO: Run Behavior\ParseTemplateBehavior [ RunTime:0.222782s ]
INFO: [ view_parse ] --END-- [ RunTime:0.222993s ]
INFO: [ view_filter ] --START--
INFO: Run Behavior\WriteHtmlCacheBehavior [ RunTime:0.016230s ]
INFO: [ view_filter ] --END-- [ RunTime:0.016339s ]
INFO: [ app_end ] --START--
INFO: Run Behavior\ShowPageTraceBehavior [ RunTime:0.027082s ]
INFO: [ app_end ] --END-- [ RunTime:0.027201s ]

