[ 2014-08-12T08:51:23+08:00 ] 192.168.2.212 /
INFO: [ app_init ] --START--
INFO: Run Behavior\BuildLiteBehavior [ RunTime:0.000076s ]
INFO: [ app_init ] --END-- [ RunTime:0.020118s ]
INFO: [ app_begin ] --START--
INFO: Run Behavior\ReadHtmlCacheBehavior [ RunTime:0.023395s ]
INFO: [ app_begin ] --END-- [ RunTime:0.023754s ]
NOTIC: [8] Undefined index: cid E:\work\isweek-dev\Application\Home\Controller\CommonController.class.php 第 32 行.
SQL: SHOW COLUMNS FROM `sp_terms` [ RunTime:0.001445s ]
SQL: SELECT * FROM `sp_terms` WHERE ( `term_id` = 0 ) LIMIT 1   [ RunTime:0.001013s ]
NOTIC: [8] Undefined index: p E:\work\isweek-dev\Application\Home\Controller\IndexController.class.php 第 31 行.
SQL: SHOW COLUMNS FROM `sp_products` [ RunTime:0.001918s ]
SQL: SELECT COUNT(*) AS tp_count FROM `sp_products` WHERE ( `audit` = 1 AND `status` = 1  ) LIMIT 1   [ RunTime:0.000914s ]
NOTIC: [8] Undefined index: p E:\work\isweek-dev\ThinkPHP\Library\Org\Cmf\Page.class.php 第 176 行.
NOTIC: [8] Undefined index: p E:\work\isweek-dev\ThinkPHP\Library\Org\Cmf\Page.class.php 第 176 行.
SQL: SELECT * FROM  `sp_products` WHERE  `audit` =1 AND  `status` =1 
				ORDER BY  `recommend` DESC, IF(`recommend`=1,`recommend_time`,`audit_time`) DESC
    			 LIMIT 0, 60 [ RunTime:0.003989s ]
INFO: [ view_parse ] --START--
INFO: [ template_filter ] --START--
INFO: Run Behavior\ContentReplaceBehavior [ RunTime:0.000672s ]
INFO: [ template_filter ] --END-- [ RunTime:0.000942s ]
NOTIC: [8] Undefined variable: curr_search_cid E:\work\isweek-dev\Application\Runtime\Cache\Home\fed3948f064c6e682df0776db3761049.php 第 57 行.
NOTIC: [8] Undefined variable: curr_search_cid E:\work\isweek-dev\Application\Runtime\Cache\Home\fed3948f064c6e682df0776db3761049.php 第 57 行.
NOTIC: [8] Undefined variable: curr_search_cid E:\work\isweek-dev\Application\Runtime\Cache\Home\fed3948f064c6e682df0776db3761049.php 第 57 行.
NOTIC: [8] Undefined variable: curr_search_cid E:\work\isweek-dev\Application\Runtime\Cache\Home\fed3948f064c6e682df0776db3761049.php 第 57 行.
NOTIC: [8] Undefined variable: curr_search_cid E:\work\isweek-dev\Application\Runtime\Cache\Home\fed3948f064c6e682df0776db3761049.php 第 57 行.
NOTIC: [8] Undefined variable: curr_search_cid E:\work\isweek-dev\Application\Runtime\Cache\Home\fed3948f064c6e682df0776db3761049.php 第 57 行.
NOTIC: [8] Undefined variable: curr_search_cid E:\work\isweek-dev\Application\Runtime\Cache\Home\fed3948f064c6e682df0776db3761049.php 第 57 行.
NOTIC: [8] Undefined variable: curr_search_cid E:\work\isweek-dev\Application\Runtime\Cache\Home\fed3948f064c6e682df0776db3761049.php 第 57 行.
NOTIC: [8] Undefined variable: curr_search_cid E:\work\isweek-dev\Application\Runtime\Cache\Home\fed3948f064c6e682df0776db3761049.php 第 57 行.
NOTIC: [8] Undefined variable: curr_search_cid E:\work\isweek-dev\Application\Runtime\Cache\Home\fed3948f064c6e682df0776db3761049.php 第 57 行.
NOTIC: [8] Undefined variable: left_curr_term_ids E:\work\isweek-dev\Application\Runtime\Cache\Home\fed3948f064c6e682df0776db3761049.php 第 176 行.
NOTIC: [2] Invalid argument supplied for foreach() E:\work\isweek-dev\Application\Runtime\Cache\Home\fed3948f064c6e682df0776db3761049.php 第 176 行.
NOTIC: [8] Undefined variable: left_curr_term_ids E:\work\isweek-dev\Application\Runtime\Cache\Home\fed3948f064c6e682df0776db3761049.php 第 176 行.
NOTIC: [2] Invalid argument supplied for foreach() E:\work\isweek-dev\Application\Runtime\Cache\Home\fed3948f064c6e682df0776db3761049.php 第 176 行.
INFO: Run Behavior\ParseTemplateBehavior [ RunTime:0.347223s ]
INFO: [ view_parse ] --END-- [ RunTime:0.347510s ]
INFO: [ view_filter ] --START--
INFO: Run Behavior\WriteHtmlCacheBehavior [ RunTime:0.013341s ]
INFO: [ view_filter ] --END-- [ RunTime:0.013611s ]
INFO: [ app_end ] --START--
INFO: Run Behavior\ShowPageTraceBehavior [ RunTime:0.035324s ]
INFO: [ app_end ] --END-- [ RunTime:0.035624s ]

[ 2014-08-12T08:51:23+08:00 ] 192.168.2.212 /
INFO: [ app_init ] --START--
INFO: Run Behavior\BuildLiteBehavior [ RunTime:0.000078s ]
INFO: [ app_init ] --END-- [ RunTime:0.002172s ]
INFO: [ app_begin ] --START--
INFO: Run Behavior\ReadHtmlCacheBehavior [ RunTime:0.023437s ]
INFO: [ app_begin ] --END-- [ RunTime:0.023810s ]
NOTIC: [8] Undefined index: cid E:\work\isweek-dev\Application\Home\Controller\CommonController.class.php 第 32 行.
SQL: SHOW COLUMNS FROM `sp_terms` [ RunTime:0.001414s ]
SQL: SELECT * FROM `sp_terms` WHERE ( `term_id` = 0 ) LIMIT 1   [ RunTime:0.000900s ]
NOTIC: [8] Undefined index: p E:\work\isweek-dev\Application\Home\Controller\IndexController.class.php 第 31 行.
SQL: SHOW COLUMNS FROM `sp_products` [ RunTime:0.001896s ]
SQL: SELECT COUNT(*) AS tp_count FROM `sp_products` WHERE ( `audit` = 1 AND `status` = 1  ) LIMIT 1   [ RunTime:0.000876s ]
NOTIC: [8] Undefined index: p E:\work\isweek-dev\ThinkPHP\Library\Org\Cmf\Page.class.php 第 176 行.
NOTIC: [8] Undefined index: p E:\work\isweek-dev\ThinkPHP\Library\Org\Cmf\Page.class.php 第 176 行.
SQL: SELECT * FROM  `sp_products` WHERE  `audit` =1 AND  `status` =1 
				ORDER BY  `recommend` DESC, IF(`recommend`=1,`recommend_time`,`audit_time`) DESC
    			 LIMIT 0, 60 [ RunTime:0.004190s ]
INFO: [ view_parse ] --START--
INFO: [ template_filter ] --START--
INFO: Run Behavior\ContentReplaceBehavior [ RunTime:0.000573s ]
INFO: [ template_filter ] --END-- [ RunTime:0.000845s ]
NOTIC: [8] Undefined variable: curr_search_cid E:\work\isweek-dev\Application\Runtime\Cache\Home\fed3948f064c6e682df0776db3761049.php 第 57 行.
NOTIC: [8] Undefined variable: curr_search_cid E:\work\isweek-dev\Application\Runtime\Cache\Home\fed3948f064c6e682df0776db3761049.php 第 57 行.
NOTIC: [8] Undefined variable: curr_search_cid E:\work\isweek-dev\Application\Runtime\Cache\Home\fed3948f064c6e682df0776db3761049.php 第 57 行.
NOTIC: [8] Undefined variable: curr_search_cid E:\work\isweek-dev\Application\Runtime\Cache\Home\fed3948f064c6e682df0776db3761049.php 第 57 行.
NOTIC: [8] Undefined variable: curr_search_cid E:\work\isweek-dev\Application\Runtime\Cache\Home\fed3948f064c6e682df0776db3761049.php 第 57 行.
NOTIC: [8] Undefined variable: curr_search_cid E:\work\isweek-dev\Application\Runtime\Cache\Home\fed3948f064c6e682df0776db3761049.php 第 57 行.
NOTIC: [8] Undefined variable: curr_search_cid E:\work\isweek-dev\Application\Runtime\Cache\Home\fed3948f064c6e682df0776db3761049.php 第 57 行.
NOTIC: [8] Undefined variable: curr_search_cid E:\work\isweek-dev\Application\Runtime\Cache\Home\fed3948f064c6e682df0776db3761049.php 第 57 行.
NOTIC: [8] Undefined variable: curr_search_cid E:\work\isweek-dev\Application\Runtime\Cache\Home\fed3948f064c6e682df0776db3761049.php 第 57 行.
NOTIC: [8] Undefined variable: curr_search_cid E:\work\isweek-dev\Application\Runtime\Cache\Home\fed3948f064c6e682df0776db3761049.php 第 57 行.
NOTIC: [8] Undefined variable: left_curr_term_ids E:\work\isweek-dev\Application\Runtime\Cache\Home\fed3948f064c6e682df0776db3761049.php 第 176 行.
NOTIC: [2] Invalid argument supplied for foreach() E:\work\isweek-dev\Application\Runtime\Cache\Home\fed3948f064c6e682df0776db3761049.php 第 176 行.
NOTIC: [8] Undefined variable: left_curr_term_ids E:\work\isweek-dev\Application\Runtime\Cache\Home\fed3948f064c6e682df0776db3761049.php 第 176 行.
NOTIC: [2] Invalid argument supplied for foreach() E:\work\isweek-dev\Application\Runtime\Cache\Home\fed3948f064c6e682df0776db3761049.php 第 176 行.
INFO: Run Behavior\ParseTemplateBehavior [ RunTime:0.077993s ]
INFO: [ view_parse ] --END-- [ RunTime:0.078290s ]
INFO: [ view_filter ] --START--
INFO: Run Behavior\WriteHtmlCacheBehavior [ RunTime:0.001736s ]
INFO: [ view_filter ] --END-- [ RunTime:0.001991s ]
INFO: [ app_end ] --START--
INFO: Run Behavior\ShowPageTraceBehavior [ RunTime:0.003640s ]
INFO: [ app_end ] --END-- [ RunTime:0.004297s ]

[ 2014-08-12T08:52:49+08:00 ] 192.168.2.212 /Category/index/cid/6
INFO: [ app_init ] --START--
INFO: Run Behavior\BuildLiteBehavior [ RunTime:0.000064s ]
INFO: [ app_init ] --END-- [ RunTime:0.001711s ]
INFO: [ app_begin ] --START--
INFO: Run Behavior\ReadHtmlCacheBehavior [ RunTime:0.002433s ]
INFO: [ app_begin ] --END-- [ RunTime:0.002748s ]
SQL: SHOW COLUMNS FROM `sp_terms` [ RunTime:0.001455s ]
SQL: SELECT * FROM `sp_terms` WHERE ( `term_id` = 6 ) LIMIT 1   [ RunTime:0.000945s ]
SQL: SELECT * FROM `sp_terms` WHERE ( `term_id` = 6 ) LIMIT 1   [ RunTime:0.000916s ]
SQL: SELECT * FROM `sp_terms` WHERE ( term_id = 6 OR path LIKE "0-6-%" )  [ RunTime:0.000947s ]
NOTIC: [8] Undefined index: p E:\work\isweek-dev\Application\Home\Controller\CategoryController.class.php 第 75 行.
SQL: SHOW COLUMNS FROM `sp_products` [ RunTime:0.001946s ]
SQL: SELECT COUNT(*) AS tp_count FROM `sp_products` WHERE ( `audit` = 1 AND `status` = 1  AND ( `categorys` LIKE "%,6,%" OR `categorys` LIKE "%,18,%" OR `categorys` LIKE "%,22,%" OR `categorys` LIKE "%,28,%" OR `categorys` LIKE "%,30,%" OR `categorys` LIKE "%,32,%" OR `categorys` LIKE "%,36,%" OR `categorys` LIKE "%,38,%") ) LIMIT 1   [ RunTime:0.000935s ]
NOTIC: [8] Undefined index: p E:\work\isweek-dev\ThinkPHP\Library\Org\Cmf\Page.class.php 第 176 行.
NOTIC: [8] Undefined index: p E:\work\isweek-dev\ThinkPHP\Library\Org\Cmf\Page.class.php 第 176 行.
SQL: SELECT * FROM `sp_products` WHERE `audit` = 1 AND `status` = 1  AND ( `categorys` LIKE "%,6,%" OR `categorys` LIKE "%,18,%" OR `categorys` LIKE "%,22,%" OR `categorys` LIKE "%,28,%" OR `categorys` LIKE "%,30,%" OR `categorys` LIKE "%,32,%" OR `categorys` LIKE "%,36,%" OR `categorys` LIKE "%,38,%") AND `recommend` = 1 union all SELECT * FROM `sp_products` WHERE `audit` = 1 AND `status` = 1  AND ( `categorys` LIKE "%,6,%" OR `categorys` LIKE "%,18,%" OR `categorys` LIKE "%,22,%" OR `categorys` LIKE "%,28,%" OR `categorys` LIKE "%,30,%" OR `categorys` LIKE "%,32,%" OR `categorys` LIKE "%,36,%" OR `categorys` LIKE "%,38,%") AND `recommend` = 0 ORDER BY `recommend` desc,`edit_time` desc,`audit_time` desc LIMIT 0, 60 [ RunTime:0.002223s ]
NOTIC: [8] Undefined index: p E:\work\isweek-dev\ThinkPHP\Library\Org\Cmf\Page.class.php 第 176 行.
NOTIC: [8] Undefined index: p E:\work\isweek-dev\ThinkPHP\Library\Org\Cmf\Page.class.php 第 176 行.
NOTIC: [8] Undefined variable: seo_page E:\work\isweek-dev\Application\Home\Controller\CategoryController.class.php 第 113 行.
INFO: [ view_parse ] --START--
INFO: [ template_filter ] --START--
INFO: Run Behavior\ContentReplaceBehavior [ RunTime:0.000722s ]
INFO: [ template_filter ] --END-- [ RunTime:0.001205s ]
NOTIC: [8] Undefined variable: curr_search_cid E:\work\isweek-dev\Application\Runtime\Cache\Home\fed3948f064c6e682df0776db3761049.php 第 57 行.
NOTIC: [8] Undefined variable: curr_search_cid E:\work\isweek-dev\Application\Runtime\Cache\Home\fed3948f064c6e682df0776db3761049.php 第 57 行.
NOTIC: [8] Undefined variable: curr_search_cid E:\work\isweek-dev\Application\Runtime\Cache\Home\fed3948f064c6e682df0776db3761049.php 第 57 行.
NOTIC: [8] Undefined variable: curr_search_cid E:\work\isweek-dev\Application\Runtime\Cache\Home\fed3948f064c6e682df0776db3761049.php 第 57 行.
NOTIC: [8] Undefined variable: curr_search_cid E:\work\isweek-dev\Application\Runtime\Cache\Home\fed3948f064c6e682df0776db3761049.php 第 57 行.
NOTIC: [8] Undefined variable: curr_search_cid E:\work\isweek-dev\Application\Runtime\Cache\Home\fed3948f064c6e682df0776db3761049.php 第 57 行.
NOTIC: [8] Undefined variable: curr_search_cid E:\work\isweek-dev\Application\Runtime\Cache\Home\fed3948f064c6e682df0776db3761049.php 第 57 行.
NOTIC: [8] Undefined variable: curr_search_cid E:\work\isweek-dev\Application\Runtime\Cache\Home\fed3948f064c6e682df0776db3761049.php 第 57 行.
NOTIC: [8] Undefined variable: curr_search_cid E:\work\isweek-dev\Application\Runtime\Cache\Home\fed3948f064c6e682df0776db3761049.php 第 57 行.
NOTIC: [8] Undefined variable: curr_search_cid E:\work\isweek-dev\Application\Runtime\Cache\Home\fed3948f064c6e682df0776db3761049.php 第 57 行.
INFO: Run Behavior\ParseTemplateBehavior [ RunTime:0.065878s ]
INFO: [ view_parse ] --END-- [ RunTime:0.066147s ]
INFO: [ view_filter ] --START--
INFO: Run Behavior\WriteHtmlCacheBehavior [ RunTime:0.001440s ]
INFO: [ view_filter ] --END-- [ RunTime:0.001684s ]
INFO: [ app_end ] --START--
INFO: Run Behavior\ShowPageTraceBehavior [ RunTime:0.003435s ]
INFO: [ app_end ] --END-- [ RunTime:0.003706s ]

[ 2014-08-12T08:52:51+08:00 ] 192.168.2.212 /Category/index/cid/2
INFO: [ app_init ] --START--
INFO: Run Behavior\BuildLiteBehavior [ RunTime:0.000064s ]
INFO: [ app_init ] --END-- [ RunTime:0.001710s ]
INFO: [ app_begin ] --START--
INFO: Run Behavior\ReadHtmlCacheBehavior [ RunTime:0.002745s ]
INFO: [ app_begin ] --END-- [ RunTime:0.003051s ]
SQL: SHOW COLUMNS FROM `sp_terms` [ RunTime:0.001370s ]
SQL: SELECT * FROM `sp_terms` WHERE ( `term_id` = 2 ) LIMIT 1   [ RunTime:0.000826s ]
SQL: SELECT * FROM `sp_terms` WHERE ( `term_id` = 2 ) LIMIT 1   [ RunTime:0.000858s ]
INFO: [ view_parse ] --START--
INFO: [ template_filter ] --START--
INFO: Run Behavior\ContentReplaceBehavior [ RunTime:0.000204s ]
INFO: [ template_filter ] --END-- [ RunTime:0.000486s ]
INFO: Run Behavior\ParseTemplateBehavior [ RunTime:0.075987s ]
INFO: [ view_parse ] --END-- [ RunTime:0.076288s ]
INFO: [ view_filter ] --START--
INFO: Run Behavior\WriteHtmlCacheBehavior [ RunTime:0.001534s ]
INFO: [ view_filter ] --END-- [ RunTime:0.001782s ]

[ 2014-08-12T08:53:46+08:00 ] 192.168.2.212 /Category/index/cid/46
INFO: [ app_init ] --START--
INFO: Run Behavior\BuildLiteBehavior [ RunTime:0.000156s ]
INFO: [ app_init ] --END-- [ RunTime:0.002227s ]
INFO: [ app_begin ] --START--
INFO: Run Behavior\ReadHtmlCacheBehavior [ RunTime:0.002556s ]
INFO: [ app_begin ] --END-- [ RunTime:0.002881s ]
SQL: SHOW COLUMNS FROM `sp_terms` [ RunTime:0.001407s ]
SQL: SELECT * FROM `sp_terms` WHERE ( `term_id` = 46 ) LIMIT 1   [ RunTime:0.001284s ]
SQL: SELECT * FROM `sp_terms` WHERE ( `term_id` = 46 ) LIMIT 1   [ RunTime:0.001283s ]
SQL: SELECT * FROM `sp_terms` WHERE ( term_id = 46 OR path LIKE "0-46-%" )  [ RunTime:0.001190s ]
NOTIC: [8] Undefined index: p E:\work\isweek-dev\Application\Home\Controller\CategoryController.class.php 第 75 行.
SQL: SHOW COLUMNS FROM `sp_products` [ RunTime:0.001491s ]
SQL: SELECT COUNT(*) AS tp_count FROM `sp_products` WHERE ( `audit` = 1 AND `status` = 1  AND ( `categorys` LIKE "%,46,%" OR `categorys` LIKE "%,52,%" OR `categorys` LIKE "%,54,%" OR `categorys` LIKE "%,56,%" OR `categorys` LIKE "%,58,%") ) LIMIT 1   [ RunTime:0.000946s ]
NOTIC: [8] Undefined index: p E:\work\isweek-dev\ThinkPHP\Library\Org\Cmf\Page.class.php 第 176 行.
NOTIC: [8] Undefined index: p E:\work\isweek-dev\ThinkPHP\Library\Org\Cmf\Page.class.php 第 176 行.
SQL: SELECT * FROM `sp_products` WHERE `audit` = 1 AND `status` = 1  AND ( `categorys` LIKE "%,46,%" OR `categorys` LIKE "%,52,%" OR `categorys` LIKE "%,54,%" OR `categorys` LIKE "%,56,%" OR `categorys` LIKE "%,58,%") AND `recommend` = 1 union all SELECT * FROM `sp_products` WHERE `audit` = 1 AND `status` = 1  AND ( `categorys` LIKE "%,46,%" OR `categorys` LIKE "%,52,%" OR `categorys` LIKE "%,54,%" OR `categorys` LIKE "%,56,%" OR `categorys` LIKE "%,58,%") AND `recommend` = 0 ORDER BY `recommend` desc,`edit_time` desc,`audit_time` desc LIMIT 0, 60 [ RunTime:0.003071s ]
NOTIC: [8] Undefined index: p E:\work\isweek-dev\ThinkPHP\Library\Org\Cmf\Page.class.php 第 176 行.
NOTIC: [8] Undefined index: p E:\work\isweek-dev\ThinkPHP\Library\Org\Cmf\Page.class.php 第 176 行.
NOTIC: [8] Undefined variable: seo_page E:\work\isweek-dev\Application\Home\Controller\CategoryController.class.php 第 113 行.
INFO: [ view_parse ] --START--
INFO: [ template_filter ] --START--
INFO: Run Behavior\ContentReplaceBehavior [ RunTime:0.000381s ]
INFO: [ template_filter ] --END-- [ RunTime:0.000533s ]
NOTIC: [8] Undefined variable: curr_search_cid E:\work\isweek-dev\Application\Runtime\Cache\Home\fed3948f064c6e682df0776db3761049.php 第 57 行.
NOTIC: [8] Undefined variable: curr_search_cid E:\work\isweek-dev\Application\Runtime\Cache\Home\fed3948f064c6e682df0776db3761049.php 第 57 行.
NOTIC: [8] Undefined variable: curr_search_cid E:\work\isweek-dev\Application\Runtime\Cache\Home\fed3948f064c6e682df0776db3761049.php 第 57 行.
NOTIC: [8] Undefined variable: curr_search_cid E:\work\isweek-dev\Application\Runtime\Cache\Home\fed3948f064c6e682df0776db3761049.php 第 57 行.
NOTIC: [8] Undefined variable: curr_search_cid E:\work\isweek-dev\Application\Runtime\Cache\Home\fed3948f064c6e682df0776db3761049.php 第 57 行.
NOTIC: [8] Undefined variable: curr_search_cid E:\work\isweek-dev\Application\Runtime\Cache\Home\fed3948f064c6e682df0776db3761049.php 第 57 行.
NOTIC: [8] Undefined variable: curr_search_cid E:\work\isweek-dev\Application\Runtime\Cache\Home\fed3948f064c6e682df0776db3761049.php 第 57 行.
NOTIC: [8] Undefined variable: curr_search_cid E:\work\isweek-dev\Application\Runtime\Cache\Home\fed3948f064c6e682df0776db3761049.php 第 57 行.
NOTIC: [8] Undefined variable: curr_search_cid E:\work\isweek-dev\Application\Runtime\Cache\Home\fed3948f064c6e682df0776db3761049.php 第 57 行.
NOTIC: [8] Undefined variable: curr_search_cid E:\work\isweek-dev\Application\Runtime\Cache\Home\fed3948f064c6e682df0776db3761049.php 第 57 行.
INFO: Run Behavior\ParseTemplateBehavior [ RunTime:0.044300s ]
INFO: [ view_parse ] --END-- [ RunTime:0.044481s ]
INFO: [ view_filter ] --START--
INFO: Run Behavior\WriteHtmlCacheBehavior [ RunTime:0.000629s ]
INFO: [ view_filter ] --END-- [ RunTime:0.000727s ]
INFO: [ app_end ] --START--
INFO: Run Behavior\ShowPageTraceBehavior [ RunTime:0.001207s ]
INFO: [ app_end ] --END-- [ RunTime:0.001354s ]

[ 2014-08-12T08:58:15+08:00 ] 192.168.2.213 /
INFO: [ app_init ] --START--
INFO: Run Behavior\BuildLiteBehavior [ RunTime:0.000031s ]
INFO: [ app_init ] --END-- [ RunTime:0.041861s ]
INFO: [ app_begin ] --START--
INFO: Run Behavior\ReadHtmlCacheBehavior [ RunTime:0.005249s ]
INFO: [ app_begin ] --END-- [ RunTime:0.005378s ]
NOTIC: [8] Undefined index: cid E:\work\isweek-dev\Application\Home\Controller\CommonController.class.php 第 32 行.
SQL: SHOW COLUMNS FROM `sp_terms` [ RunTime:0.001433s ]
SQL: SELECT * FROM `sp_terms` WHERE ( `term_id` = 0 ) LIMIT 1   [ RunTime:0.000702s ]
NOTIC: [8] Undefined index: p E:\work\isweek-dev\Application\Home\Controller\IndexController.class.php 第 31 行.
SQL: SHOW COLUMNS FROM `sp_products` [ RunTime:0.001568s ]
SQL: SELECT COUNT(*) AS tp_count FROM `sp_products` WHERE ( `audit` = 1 AND `status` = 1  ) LIMIT 1   [ RunTime:0.000612s ]
NOTIC: [8] Undefined index: p E:\work\isweek-dev\ThinkPHP\Library\Org\Cmf\Page.class.php 第 176 行.
NOTIC: [8] Undefined index: p E:\work\isweek-dev\ThinkPHP\Library\Org\Cmf\Page.class.php 第 176 行.
SQL: SELECT * FROM  `sp_products` WHERE  `audit` =1 AND  `status` =1 
				ORDER BY  `recommend` DESC, IF(`recommend`=1,`recommend_time`,`audit_time`) DESC
    			 LIMIT 0, 60 [ RunTime:0.004049s ]
INFO: [ view_parse ] --START--
INFO: [ template_filter ] --START--
INFO: Run Behavior\ContentReplaceBehavior [ RunTime:0.000208s ]
INFO: [ template_filter ] --END-- [ RunTime:0.000313s ]
NOTIC: [8] Undefined variable: curr_search_cid E:\work\isweek-dev\Application\Runtime\Cache\Home\fed3948f064c6e682df0776db3761049.php 第 57 行.
NOTIC: [8] Undefined variable: curr_search_cid E:\work\isweek-dev\Application\Runtime\Cache\Home\fed3948f064c6e682df0776db3761049.php 第 57 行.
NOTIC: [8] Undefined variable: curr_search_cid E:\work\isweek-dev\Application\Runtime\Cache\Home\fed3948f064c6e682df0776db3761049.php 第 57 行.
NOTIC: [8] Undefined variable: curr_search_cid E:\work\isweek-dev\Application\Runtime\Cache\Home\fed3948f064c6e682df0776db3761049.php 第 57 行.
NOTIC: [8] Undefined variable: curr_search_cid E:\work\isweek-dev\Application\Runtime\Cache\Home\fed3948f064c6e682df0776db3761049.php 第 57 行.
NOTIC: [8] Undefined variable: curr_search_cid E:\work\isweek-dev\Application\Runtime\Cache\Home\fed3948f064c6e682df0776db3761049.php 第 57 行.
NOTIC: [8] Undefined variable: curr_search_cid E:\work\isweek-dev\Application\Runtime\Cache\Home\fed3948f064c6e682df0776db3761049.php 第 57 行.
NOTIC: [8] Undefined variable: curr_search_cid E:\work\isweek-dev\Application\Runtime\Cache\Home\fed3948f064c6e682df0776db3761049.php 第 57 行.
NOTIC: [8] Undefined variable: curr_search_cid E:\work\isweek-dev\Application\Runtime\Cache\Home\fed3948f064c6e682df0776db3761049.php 第 57 行.
NOTIC: [8] Undefined variable: curr_search_cid E:\work\isweek-dev\Application\Runtime\Cache\Home\fed3948f064c6e682df0776db3761049.php 第 57 行.
NOTIC: [8] Undefined variable: left_curr_term_ids E:\work\isweek-dev\Application\Runtime\Cache\Home\fed3948f064c6e682df0776db3761049.php 第 176 行.
NOTIC: [2] Invalid argument supplied for foreach() E:\work\isweek-dev\Application\Runtime\Cache\Home\fed3948f064c6e682df0776db3761049.php 第 176 行.
NOTIC: [8] Undefined variable: left_curr_term_ids E:\work\isweek-dev\Application\Runtime\Cache\Home\fed3948f064c6e682df0776db3761049.php 第 176 行.
NOTIC: [2] Invalid argument supplied for foreach() E:\work\isweek-dev\Application\Runtime\Cache\Home\fed3948f064c6e682df0776db3761049.php 第 176 行.
INFO: Run Behavior\ParseTemplateBehavior [ RunTime:0.127944s ]
INFO: [ view_parse ] --END-- [ RunTime:0.128059s ]
INFO: [ view_filter ] --START--
INFO: Run Behavior\WriteHtmlCacheBehavior [ RunTime:0.011257s ]
INFO: [ view_filter ] --END-- [ RunTime:0.011370s ]
INFO: [ app_end ] --START--
INFO: Run Behavior\ShowPageTraceBehavior [ RunTime:0.020714s ]
INFO: [ app_end ] --END-- [ RunTime:0.020991s ]

[ 2014-08-12T08:58:45+08:00 ] 192.168.2.213 /
INFO: [ app_init ] --START--
INFO: Run Behavior\BuildLiteBehavior [ RunTime:0.000035s ]
INFO: [ app_init ] --END-- [ RunTime:0.000860s ]
INFO: [ app_begin ] --START--
INFO: Run Behavior\ReadHtmlCacheBehavior [ RunTime:0.001341s ]
INFO: [ app_begin ] --END-- [ RunTime:0.001495s ]
NOTIC: [8] Undefined index: cid E:\work\isweek-dev\Application\Home\Controller\CommonController.class.php 第 32 行.
SQL: SHOW COLUMNS FROM `sp_terms` [ RunTime:0.001363s ]
SQL: SELECT * FROM `sp_terms` WHERE ( `term_id` = 0 ) LIMIT 1   [ RunTime:0.000486s ]
NOTIC: [8] Undefined index: p E:\work\isweek-dev\Application\Home\Controller\IndexController.class.php 第 31 行.
SQL: SHOW COLUMNS FROM `sp_products` [ RunTime:0.001549s ]
SQL: SELECT COUNT(*) AS tp_count FROM `sp_products` WHERE ( `audit` = 1 AND `status` = 1  ) LIMIT 1   [ RunTime:0.000526s ]
NOTIC: [8] Undefined index: p E:\work\isweek-dev\ThinkPHP\Library\Org\Cmf\Page.class.php 第 176 行.
NOTIC: [8] Undefined index: p E:\work\isweek-dev\ThinkPHP\Library\Org\Cmf\Page.class.php 第 176 行.
SQL: SELECT * FROM  `sp_products` WHERE  `audit` =1 AND  `status` =1 
				ORDER BY  `recommend` DESC, IF(`recommend`=1,`recommend_time`,`audit_time`) DESC
    			 LIMIT 0, 60 [ RunTime:0.004093s ]
INFO: [ view_parse ] --START--
INFO: [ template_filter ] --START--
INFO: Run Behavior\ContentReplaceBehavior [ RunTime:0.000297s ]
INFO: [ template_filter ] --END-- [ RunTime:0.000431s ]
NOTIC: [8] Undefined variable: curr_search_cid E:\work\isweek-dev\Application\Runtime\Cache\Home\fed3948f064c6e682df0776db3761049.php 第 57 行.
NOTIC: [8] Undefined variable: curr_search_cid E:\work\isweek-dev\Application\Runtime\Cache\Home\fed3948f064c6e682df0776db3761049.php 第 57 行.
NOTIC: [8] Undefined variable: curr_search_cid E:\work\isweek-dev\Application\Runtime\Cache\Home\fed3948f064c6e682df0776db3761049.php 第 57 行.
NOTIC: [8] Undefined variable: curr_search_cid E:\work\isweek-dev\Application\Runtime\Cache\Home\fed3948f064c6e682df0776db3761049.php 第 57 行.
NOTIC: [8] Undefined variable: curr_search_cid E:\work\isweek-dev\Application\Runtime\Cache\Home\fed3948f064c6e682df0776db3761049.php 第 57 行.
NOTIC: [8] Undefined variable: curr_search_cid E:\work\isweek-dev\Application\Runtime\Cache\Home\fed3948f064c6e682df0776db3761049.php 第 57 行.
NOTIC: [8] Undefined variable: curr_search_cid E:\work\isweek-dev\Application\Runtime\Cache\Home\fed3948f064c6e682df0776db3761049.php 第 57 行.
NOTIC: [8] Undefined variable: curr_search_cid E:\work\isweek-dev\Application\Runtime\Cache\Home\fed3948f064c6e682df0776db3761049.php 第 57 行.
NOTIC: [8] Undefined variable: curr_search_cid E:\work\isweek-dev\Application\Runtime\Cache\Home\fed3948f064c6e682df0776db3761049.php 第 57 行.
NOTIC: [8] Undefined variable: curr_search_cid E:\work\isweek-dev\Application\Runtime\Cache\Home\fed3948f064c6e682df0776db3761049.php 第 57 行.
NOTIC: [8] Undefined variable: left_curr_term_ids E:\work\isweek-dev\Application\Runtime\Cache\Home\fed3948f064c6e682df0776db3761049.php 第 176 行.
NOTIC: [2] Invalid argument supplied for foreach() E:\work\isweek-dev\Application\Runtime\Cache\Home\fed3948f064c6e682df0776db3761049.php 第 176 行.
NOTIC: [8] Undefined variable: left_curr_term_ids E:\work\isweek-dev\Application\Runtime\Cache\Home\fed3948f064c6e682df0776db3761049.php 第 176 行.
NOTIC: [2] Invalid argument supplied for foreach() E:\work\isweek-dev\Application\Runtime\Cache\Home\fed3948f064c6e682df0776db3761049.php 第 176 行.
INFO: Run Behavior\ParseTemplateBehavior [ RunTime:0.039024s ]
INFO: [ view_parse ] --END-- [ RunTime:0.039169s ]
INFO: [ view_filter ] --START--
INFO: Run Behavior\WriteHtmlCacheBehavior [ RunTime:0.000854s ]
INFO: [ view_filter ] --END-- [ RunTime:0.000981s ]
INFO: [ app_end ] --START--
INFO: Run Behavior\ShowPageTraceBehavior [ RunTime:0.001768s ]
INFO: [ app_end ] --END-- [ RunTime:0.001931s ]

[ 2014-08-12T08:58:47+08:00 ] 192.168.2.213 /
INFO: [ app_init ] --START--
INFO: Run Behavior\BuildLiteBehavior [ RunTime:0.000029s ]
INFO: [ app_init ] --END-- [ RunTime:0.000703s ]
INFO: [ app_begin ] --START--
INFO: Run Behavior\ReadHtmlCacheBehavior [ RunTime:0.001039s ]
INFO: [ app_begin ] --END-- [ RunTime:0.001164s ]
NOTIC: [8] Undefined index: cid E:\work\isweek-dev\Application\Home\Controller\CommonController.class.php 第 32 行.
SQL: SHOW COLUMNS FROM `sp_terms` [ RunTime:0.001335s ]
SQL: SELECT * FROM `sp_terms` WHERE ( `term_id` = 0 ) LIMIT 1   [ RunTime:0.000827s ]
NOTIC: [8] Undefined index: p E:\work\isweek-dev\Application\Home\Controller\IndexController.class.php 第 31 行.
SQL: SHOW COLUMNS FROM `sp_products` [ RunTime:0.001429s ]
SQL: SELECT COUNT(*) AS tp_count FROM `sp_products` WHERE ( `audit` = 1 AND `status` = 1  ) LIMIT 1   [ RunTime:0.000685s ]
NOTIC: [8] Undefined index: p E:\work\isweek-dev\ThinkPHP\Library\Org\Cmf\Page.class.php 第 176 行.
NOTIC: [8] Undefined index: p E:\work\isweek-dev\ThinkPHP\Library\Org\Cmf\Page.class.php 第 176 行.
SQL: SELECT * FROM  `sp_products` WHERE  `audit` =1 AND  `status` =1 
				ORDER BY  `recommend` DESC, IF(`recommend`=1,`recommend_time`,`audit_time`) DESC
    			 LIMIT 0, 60 [ RunTime:0.004083s ]
INFO: [ view_parse ] --START--
INFO: [ template_filter ] --START--
INFO: Run Behavior\ContentReplaceBehavior [ RunTime:0.000215s ]
INFO: [ template_filter ] --END-- [ RunTime:0.000335s ]
NOTIC: [8] Undefined variable: curr_search_cid E:\work\isweek-dev\Application\Runtime\Cache\Home\fed3948f064c6e682df0776db3761049.php 第 57 行.
NOTIC: [8] Undefined variable: curr_search_cid E:\work\isweek-dev\Application\Runtime\Cache\Home\fed3948f064c6e682df0776db3761049.php 第 57 行.
NOTIC: [8] Undefined variable: curr_search_cid E:\work\isweek-dev\Application\Runtime\Cache\Home\fed3948f064c6e682df0776db3761049.php 第 57 行.
NOTIC: [8] Undefined variable: curr_search_cid E:\work\isweek-dev\Application\Runtime\Cache\Home\fed3948f064c6e682df0776db3761049.php 第 57 行.
NOTIC: [8] Undefined variable: curr_search_cid E:\work\isweek-dev\Application\Runtime\Cache\Home\fed3948f064c6e682df0776db3761049.php 第 57 行.
NOTIC: [8] Undefined variable: curr_search_cid E:\work\isweek-dev\Application\Runtime\Cache\Home\fed3948f064c6e682df0776db3761049.php 第 57 行.
NOTIC: [8] Undefined variable: curr_search_cid E:\work\isweek-dev\Application\Runtime\Cache\Home\fed3948f064c6e682df0776db3761049.php 第 57 行.
NOTIC: [8] Undefined variable: curr_search_cid E:\work\isweek-dev\Application\Runtime\Cache\Home\fed3948f064c6e682df0776db3761049.php 第 57 行.
NOTIC: [8] Undefined variable: curr_search_cid E:\work\isweek-dev\Application\Runtime\Cache\Home\fed3948f064c6e682df0776db3761049.php 第 57 行.
NOTIC: [8] Undefined variable: curr_search_cid E:\work\isweek-dev\Application\Runtime\Cache\Home\fed3948f064c6e682df0776db3761049.php 第 57 行.
NOTIC: [8] Undefined variable: left_curr_term_ids E:\work\isweek-dev\Application\Runtime\Cache\Home\fed3948f064c6e682df0776db3761049.php 第 176 行.
NOTIC: [2] Invalid argument supplied for foreach() E:\work\isweek-dev\Application\Runtime\Cache\Home\fed3948f064c6e682df0776db3761049.php 第 176 行.
NOTIC: [8] Undefined variable: left_curr_term_ids E:\work\isweek-dev\Application\Runtime\Cache\Home\fed3948f064c6e682df0776db3761049.php 第 176 行.
NOTIC: [2] Invalid argument supplied for foreach() E:\work\isweek-dev\Application\Runtime\Cache\Home\fed3948f064c6e682df0776db3761049.php 第 176 行.
INFO: Run Behavior\ParseTemplateBehavior [ RunTime:0.029059s ]
INFO: [ view_parse ] --END-- [ RunTime:0.029176s ]
INFO: [ view_filter ] --START--
INFO: Run Behavior\WriteHtmlCacheBehavior [ RunTime:0.000726s ]
INFO: [ view_filter ] --END-- [ RunTime:0.000824s ]
INFO: [ app_end ] --START--
INFO: Run Behavior\ShowPageTraceBehavior [ RunTime:0.001411s ]
INFO: [ app_end ] --END-- [ RunTime:0.001839s ]

[ 2014-08-12T08:58:51+08:00 ] 192.168.2.213 /Category/index/cid/46
INFO: [ app_init ] --START--
INFO: Run Behavior\BuildLiteBehavior [ RunTime:0.000027s ]
INFO: [ app_init ] --END-- [ RunTime:0.000666s ]
INFO: [ app_begin ] --START--
INFO: Run Behavior\ReadHtmlCacheBehavior [ RunTime:0.000939s ]
INFO: [ app_begin ] --END-- [ RunTime:0.001062s ]
SQL: SHOW COLUMNS FROM `sp_terms` [ RunTime:0.001402s ]
SQL: SELECT * FROM `sp_terms` WHERE ( `term_id` = 46 ) LIMIT 1   [ RunTime:0.000703s ]
SQL: SELECT * FROM `sp_terms` WHERE ( `term_id` = 46 ) LIMIT 1   [ RunTime:0.000554s ]
SQL: SELECT * FROM `sp_terms` WHERE ( term_id = 46 OR path LIKE "0-46-%" )  [ RunTime:0.000997s ]
NOTIC: [8] Undefined index: p E:\work\isweek-dev\Application\Home\Controller\CategoryController.class.php 第 75 行.
SQL: SHOW COLUMNS FROM `sp_products` [ RunTime:0.001440s ]
SQL: SELECT COUNT(*) AS tp_count FROM `sp_products` WHERE ( `audit` = 1 AND `status` = 1  AND ( `categorys` LIKE "%,46,%" OR `categorys` LIKE "%,52,%" OR `categorys` LIKE "%,54,%" OR `categorys` LIKE "%,56,%" OR `categorys` LIKE "%,58,%") ) LIMIT 1   [ RunTime:0.000418s ]
NOTIC: [8] Undefined index: p E:\work\isweek-dev\ThinkPHP\Library\Org\Cmf\Page.class.php 第 176 行.
NOTIC: [8] Undefined index: p E:\work\isweek-dev\ThinkPHP\Library\Org\Cmf\Page.class.php 第 176 行.
SQL: SELECT * FROM `sp_products` WHERE `audit` = 1 AND `status` = 1  AND ( `categorys` LIKE "%,46,%" OR `categorys` LIKE "%,52,%" OR `categorys` LIKE "%,54,%" OR `categorys` LIKE "%,56,%" OR `categorys` LIKE "%,58,%") AND `recommend` = 1 union all SELECT * FROM `sp_products` WHERE `audit` = 1 AND `status` = 1  AND ( `categorys` LIKE "%,46,%" OR `categorys` LIKE "%,52,%" OR `categorys` LIKE "%,54,%" OR `categorys` LIKE "%,56,%" OR `categorys` LIKE "%,58,%") AND `recommend` = 0 ORDER BY `recommend` desc,`edit_time` desc,`audit_time` desc LIMIT 0, 60 [ RunTime:0.002323s ]
NOTIC: [8] Undefined index: p E:\work\isweek-dev\ThinkPHP\Library\Org\Cmf\Page.class.php 第 176 行.
NOTIC: [8] Undefined index: p E:\work\isweek-dev\ThinkPHP\Library\Org\Cmf\Page.class.php 第 176 行.
NOTIC: [8] Undefined variable: seo_page E:\work\isweek-dev\Application\Home\Controller\CategoryController.class.php 第 113 行.
INFO: [ view_parse ] --START--
INFO: [ template_filter ] --START--
INFO: Run Behavior\ContentReplaceBehavior [ RunTime:0.000239s ]
INFO: [ template_filter ] --END-- [ RunTime:0.000353s ]
NOTIC: [8] Undefined variable: curr_search_cid E:\work\isweek-dev\Application\Runtime\Cache\Home\fed3948f064c6e682df0776db3761049.php 第 57 行.
NOTIC: [8] Undefined variable: curr_search_cid E:\work\isweek-dev\Application\Runtime\Cache\Home\fed3948f064c6e682df0776db3761049.php 第 57 行.
NOTIC: [8] Undefined variable: curr_search_cid E:\work\isweek-dev\Application\Runtime\Cache\Home\fed3948f064c6e682df0776db3761049.php 第 57 行.
NOTIC: [8] Undefined variable: curr_search_cid E:\work\isweek-dev\Application\Runtime\Cache\Home\fed3948f064c6e682df0776db3761049.php 第 57 行.
NOTIC: [8] Undefined variable: curr_search_cid E:\work\isweek-dev\Application\Runtime\Cache\Home\fed3948f064c6e682df0776db3761049.php 第 57 行.
NOTIC: [8] Undefined variable: curr_search_cid E:\work\isweek-dev\Application\Runtime\Cache\Home\fed3948f064c6e682df0776db3761049.php 第 57 行.
NOTIC: [8] Undefined variable: curr_search_cid E:\work\isweek-dev\Application\Runtime\Cache\Home\fed3948f064c6e682df0776db3761049.php 第 57 行.
NOTIC: [8] Undefined variable: curr_search_cid E:\work\isweek-dev\Application\Runtime\Cache\Home\fed3948f064c6e682df0776db3761049.php 第 57 行.
NOTIC: [8] Undefined variable: curr_search_cid E:\work\isweek-dev\Application\Runtime\Cache\Home\fed3948f064c6e682df0776db3761049.php 第 57 行.
NOTIC: [8] Undefined variable: curr_search_cid E:\work\isweek-dev\Application\Runtime\Cache\Home\fed3948f064c6e682df0776db3761049.php 第 57 行.
INFO: Run Behavior\ParseTemplateBehavior [ RunTime:0.056200s ]
INFO: [ view_parse ] --END-- [ RunTime:0.056311s ]
INFO: [ view_filter ] --START--
INFO: Run Behavior\WriteHtmlCacheBehavior [ RunTime:0.000630s ]
INFO: [ view_filter ] --END-- [ RunTime:0.000746s ]
INFO: [ app_end ] --START--
INFO: Run Behavior\ShowPageTraceBehavior [ RunTime:0.001760s ]
INFO: [ app_end ] --END-- [ RunTime:0.001917s ]

[ 2014-08-12T08:58:54+08:00 ] 192.168.2.213 /
INFO: [ app_init ] --START--
INFO: Run Behavior\BuildLiteBehavior [ RunTime:0.000037s ]
INFO: [ app_init ] --END-- [ RunTime:0.000957s ]
INFO: [ app_begin ] --START--
INFO: Run Behavior\ReadHtmlCacheBehavior [ RunTime:0.001691s ]
INFO: [ app_begin ] --END-- [ RunTime:0.001886s ]
NOTIC: [8] Undefined index: cid E:\work\isweek-dev\Application\Home\Controller\CommonController.class.php 第 32 行.
SQL: SHOW COLUMNS FROM `sp_terms` [ RunTime:0.001354s ]
SQL: SELECT * FROM `sp_terms` WHERE ( `term_id` = 0 ) LIMIT 1   [ RunTime:0.000601s ]
NOTIC: [8] Undefined index: p E:\work\isweek-dev\Application\Home\Controller\IndexController.class.php 第 31 行.
SQL: SHOW COLUMNS FROM `sp_products` [ RunTime:0.001565s ]
SQL: SELECT COUNT(*) AS tp_count FROM `sp_products` WHERE ( `audit` = 1 AND `status` = 1  ) LIMIT 1   [ RunTime:0.000419s ]
NOTIC: [8] Undefined index: p E:\work\isweek-dev\ThinkPHP\Library\Org\Cmf\Page.class.php 第 176 行.
NOTIC: [8] Undefined index: p E:\work\isweek-dev\ThinkPHP\Library\Org\Cmf\Page.class.php 第 176 行.
SQL: SELECT * FROM  `sp_products` WHERE  `audit` =1 AND  `status` =1 
				ORDER BY  `recommend` DESC, IF(`recommend`=1,`recommend_time`,`audit_time`) DESC
    			 LIMIT 0, 60 [ RunTime:0.004064s ]
INFO: [ view_parse ] --START--
INFO: [ template_filter ] --START--
INFO: Run Behavior\ContentReplaceBehavior [ RunTime:0.000319s ]
INFO: [ template_filter ] --END-- [ RunTime:0.000470s ]
NOTIC: [8] Undefined variable: curr_search_cid E:\work\isweek-dev\Application\Runtime\Cache\Home\fed3948f064c6e682df0776db3761049.php 第 57 行.
NOTIC: [8] Undefined variable: curr_search_cid E:\work\isweek-dev\Application\Runtime\Cache\Home\fed3948f064c6e682df0776db3761049.php 第 57 行.
NOTIC: [8] Undefined variable: curr_search_cid E:\work\isweek-dev\Application\Runtime\Cache\Home\fed3948f064c6e682df0776db3761049.php 第 57 行.
NOTIC: [8] Undefined variable: curr_search_cid E:\work\isweek-dev\Application\Runtime\Cache\Home\fed3948f064c6e682df0776db3761049.php 第 57 行.
NOTIC: [8] Undefined variable: curr_search_cid E:\work\isweek-dev\Application\Runtime\Cache\Home\fed3948f064c6e682df0776db3761049.php 第 57 行.
NOTIC: [8] Undefined variable: curr_search_cid E:\work\isweek-dev\Application\Runtime\Cache\Home\fed3948f064c6e682df0776db3761049.php 第 57 行.
NOTIC: [8] Undefined variable: curr_search_cid E:\work\isweek-dev\Application\Runtime\Cache\Home\fed3948f064c6e682df0776db3761049.php 第 57 行.
NOTIC: [8] Undefined variable: curr_search_cid E:\work\isweek-dev\Application\Runtime\Cache\Home\fed3948f064c6e682df0776db3761049.php 第 57 行.
NOTIC: [8] Undefined variable: curr_search_cid E:\work\isweek-dev\Application\Runtime\Cache\Home\fed3948f064c6e682df0776db3761049.php 第 57 行.
NOTIC: [8] Undefined variable: curr_search_cid E:\work\isweek-dev\Application\Runtime\Cache\Home\fed3948f064c6e682df0776db3761049.php 第 57 行.
NOTIC: [8] Undefined variable: left_curr_term_ids E:\work\isweek-dev\Application\Runtime\Cache\Home\fed3948f064c6e682df0776db3761049.php 第 176 行.
NOTIC: [2] Invalid argument supplied for foreach() E:\work\isweek-dev\Application\Runtime\Cache\Home\fed3948f064c6e682df0776db3761049.php 第 176 行.
NOTIC: [8] Undefined variable: left_curr_term_ids E:\work\isweek-dev\Application\Runtime\Cache\Home\fed3948f064c6e682df0776db3761049.php 第 176 行.
NOTIC: [2] Invalid argument supplied for foreach() E:\work\isweek-dev\Application\Runtime\Cache\Home\fed3948f064c6e682df0776db3761049.php 第 176 行.
INFO: Run Behavior\ParseTemplateBehavior [ RunTime:0.058990s ]
INFO: [ view_parse ] --END-- [ RunTime:0.059151s ]
INFO: [ view_filter ] --START--
INFO: Run Behavior\WriteHtmlCacheBehavior [ RunTime:0.000944s ]
INFO: [ view_filter ] --END-- [ RunTime:0.001085s ]
INFO: [ app_end ] --START--
INFO: Run Behavior\ShowPageTraceBehavior [ RunTime:0.002557s ]
INFO: [ app_end ] --END-- [ RunTime:0.002762s ]

[ 2014-08-12T08:58:56+08:00 ] 192.168.2.213 /Category/index/cid/60
INFO: [ app_init ] --START--
INFO: Run Behavior\BuildLiteBehavior [ RunTime:0.000027s ]
INFO: [ app_init ] --END-- [ RunTime:0.000650s ]
INFO: [ app_begin ] --START--
INFO: Run Behavior\ReadHtmlCacheBehavior [ RunTime:0.000981s ]
INFO: [ app_begin ] --END-- [ RunTime:0.001188s ]
SQL: SHOW COLUMNS FROM `sp_terms` [ RunTime:0.001325s ]
SQL: SELECT * FROM `sp_terms` WHERE ( `term_id` = 60 ) LIMIT 1   [ RunTime:0.000740s ]
SQL: SELECT * FROM `sp_terms` WHERE ( `term_id` = 60 ) LIMIT 1   [ RunTime:0.000553s ]
SQL: SELECT * FROM `sp_terms` WHERE ( term_id = 60 OR path LIKE "0-60-%" )  [ RunTime:0.000870s ]
NOTIC: [8] Undefined index: p E:\work\isweek-dev\Application\Home\Controller\CategoryController.class.php 第 75 行.
SQL: SHOW COLUMNS FROM `sp_products` [ RunTime:0.001483s ]
SQL: SELECT COUNT(*) AS tp_count FROM `sp_products` WHERE ( `audit` = 1 AND `status` = 1  AND ( `categorys` LIKE "%,60,%") ) LIMIT 1   [ RunTime:0.000735s ]
NOTIC: [8] Undefined index: p E:\work\isweek-dev\ThinkPHP\Library\Org\Cmf\Page.class.php 第 176 行.
NOTIC: [8] Undefined index: p E:\work\isweek-dev\ThinkPHP\Library\Org\Cmf\Page.class.php 第 176 行.
SQL: SELECT * FROM `sp_products` WHERE `audit` = 1 AND `status` = 1  AND ( `categorys` LIKE "%,60,%") AND `recommend` = 1 union all SELECT * FROM `sp_products` WHERE `audit` = 1 AND `status` = 1  AND ( `categorys` LIKE "%,60,%") AND `recommend` = 0 ORDER BY `recommend` desc,`edit_time` desc,`audit_time` desc LIMIT 0, 60 [ RunTime:0.001113s ]
NOTIC: [8] Undefined index: p E:\work\isweek-dev\ThinkPHP\Library\Org\Cmf\Page.class.php 第 176 行.
NOTIC: [8] Undefined index: p E:\work\isweek-dev\ThinkPHP\Library\Org\Cmf\Page.class.php 第 176 行.
NOTIC: [8] Undefined variable: seo_page E:\work\isweek-dev\Application\Home\Controller\CategoryController.class.php 第 113 行.
INFO: [ view_parse ] --START--
INFO: [ template_filter ] --START--
INFO: Run Behavior\ContentReplaceBehavior [ RunTime:0.000236s ]
INFO: [ template_filter ] --END-- [ RunTime:0.000344s ]
NOTIC: [8] Undefined variable: curr_search_cid E:\work\isweek-dev\Application\Runtime\Cache\Home\fed3948f064c6e682df0776db3761049.php 第 57 行.
NOTIC: [8] Undefined variable: curr_search_cid E:\work\isweek-dev\Application\Runtime\Cache\Home\fed3948f064c6e682df0776db3761049.php 第 57 行.
NOTIC: [8] Undefined variable: curr_search_cid E:\work\isweek-dev\Application\Runtime\Cache\Home\fed3948f064c6e682df0776db3761049.php 第 57 行.
NOTIC: [8] Undefined variable: curr_search_cid E:\work\isweek-dev\Application\Runtime\Cache\Home\fed3948f064c6e682df0776db3761049.php 第 57 行.
NOTIC: [8] Undefined variable: curr_search_cid E:\work\isweek-dev\Application\Runtime\Cache\Home\fed3948f064c6e682df0776db3761049.php 第 57 行.
NOTIC: [8] Undefined variable: curr_search_cid E:\work\isweek-dev\Application\Runtime\Cache\Home\fed3948f064c6e682df0776db3761049.php 第 57 行.
NOTIC: [8] Undefined variable: curr_search_cid E:\work\isweek-dev\Application\Runtime\Cache\Home\fed3948f064c6e682df0776db3761049.php 第 57 行.
NOTIC: [8] Undefined variable: curr_search_cid E:\work\isweek-dev\Application\Runtime\Cache\Home\fed3948f064c6e682df0776db3761049.php 第 57 行.
NOTIC: [8] Undefined variable: curr_search_cid E:\work\isweek-dev\Application\Runtime\Cache\Home\fed3948f064c6e682df0776db3761049.php 第 57 行.
NOTIC: [8] Undefined variable: curr_search_cid E:\work\isweek-dev\Application\Runtime\Cache\Home\fed3948f064c6e682df0776db3761049.php 第 57 行.
INFO: Run Behavior\ParseTemplateBehavior [ RunTime:0.090096s ]
INFO: [ view_parse ] --END-- [ RunTime:0.090214s ]
INFO: [ view_filter ] --START--
INFO: Run Behavior\WriteHtmlCacheBehavior [ RunTime:0.000806s ]
INFO: [ view_filter ] --END-- [ RunTime:0.000913s ]
INFO: [ app_end ] --START--
INFO: Run Behavior\ShowPageTraceBehavior [ RunTime:0.004107s ]
INFO: [ app_end ] --END-- [ RunTime:0.004512s ]

[ 2014-08-12T08:58:57+08:00 ] 192.168.2.213 /Category/index/cid/46
INFO: [ app_init ] --START--
INFO: Run Behavior\BuildLiteBehavior [ RunTime:0.000037s ]
INFO: [ app_init ] --END-- [ RunTime:0.000964s ]
INFO: [ app_begin ] --START--
INFO: Run Behavior\ReadHtmlCacheBehavior [ RunTime:0.001342s ]
INFO: [ app_begin ] --END-- [ RunTime:0.001519s ]
SQL: SHOW COLUMNS FROM `sp_terms` [ RunTime:0.001356s ]
SQL: SELECT * FROM `sp_terms` WHERE ( `term_id` = 46 ) LIMIT 1   [ RunTime:0.000594s ]
SQL: SELECT * FROM `sp_terms` WHERE ( `term_id` = 46 ) LIMIT 1   [ RunTime:0.000819s ]
SQL: SELECT * FROM `sp_terms` WHERE ( term_id = 46 OR path LIKE "0-46-%" )  [ RunTime:0.000861s ]
NOTIC: [8] Undefined index: p E:\work\isweek-dev\Application\Home\Controller\CategoryController.class.php 第 75 行.
SQL: SHOW COLUMNS FROM `sp_products` [ RunTime:0.001562s ]
SQL: SELECT COUNT(*) AS tp_count FROM `sp_products` WHERE ( `audit` = 1 AND `status` = 1  AND ( `categorys` LIKE "%,46,%" OR `categorys` LIKE "%,52,%" OR `categorys` LIKE "%,54,%" OR `categorys` LIKE "%,56,%" OR `categorys` LIKE "%,58,%") ) LIMIT 1   [ RunTime:0.000437s ]
NOTIC: [8] Undefined index: p E:\work\isweek-dev\ThinkPHP\Library\Org\Cmf\Page.class.php 第 176 行.
NOTIC: [8] Undefined index: p E:\work\isweek-dev\ThinkPHP\Library\Org\Cmf\Page.class.php 第 176 行.
SQL: SELECT * FROM `sp_products` WHERE `audit` = 1 AND `status` = 1  AND ( `categorys` LIKE "%,46,%" OR `categorys` LIKE "%,52,%" OR `categorys` LIKE "%,54,%" OR `categorys` LIKE "%,56,%" OR `categorys` LIKE "%,58,%") AND `recommend` = 1 union all SELECT * FROM `sp_products` WHERE `audit` = 1 AND `status` = 1  AND ( `categorys` LIKE "%,46,%" OR `categorys` LIKE "%,52,%" OR `categorys` LIKE "%,54,%" OR `categorys` LIKE "%,56,%" OR `categorys` LIKE "%,58,%") AND `recommend` = 0 ORDER BY `recommend` desc,`edit_time` desc,`audit_time` desc LIMIT 0, 60 [ RunTime:0.002364s ]
NOTIC: [8] Undefined index: p E:\work\isweek-dev\ThinkPHP\Library\Org\Cmf\Page.class.php 第 176 行.
NOTIC: [8] Undefined index: p E:\work\isweek-dev\ThinkPHP\Library\Org\Cmf\Page.class.php 第 176 行.
NOTIC: [8] Undefined variable: seo_page E:\work\isweek-dev\Application\Home\Controller\CategoryController.class.php 第 113 行.
INFO: [ view_parse ] --START--
INFO: [ template_filter ] --START--
INFO: Run Behavior\ContentReplaceBehavior [ RunTime:0.000366s ]
INFO: [ template_filter ] --END-- [ RunTime:0.000522s ]
NOTIC: [8] Undefined variable: curr_search_cid E:\work\isweek-dev\Application\Runtime\Cache\Home\fed3948f064c6e682df0776db3761049.php 第 57 行.
NOTIC: [8] Undefined variable: curr_search_cid E:\work\isweek-dev\Application\Runtime\Cache\Home\fed3948f064c6e682df0776db3761049.php 第 57 行.
NOTIC: [8] Undefined variable: curr_search_cid E:\work\isweek-dev\Application\Runtime\Cache\Home\fed3948f064c6e682df0776db3761049.php 第 57 行.
NOTIC: [8] Undefined variable: curr_search_cid E:\work\isweek-dev\Application\Runtime\Cache\Home\fed3948f064c6e682df0776db3761049.php 第 57 行.
NOTIC: [8] Undefined variable: curr_search_cid E:\work\isweek-dev\Application\Runtime\Cache\Home\fed3948f064c6e682df0776db3761049.php 第 57 行.
NOTIC: [8] Undefined variable: curr_search_cid E:\work\isweek-dev\Application\Runtime\Cache\Home\fed3948f064c6e682df0776db3761049.php 第 57 行.
NOTIC: [8] Undefined variable: curr_search_cid E:\work\isweek-dev\Application\Runtime\Cache\Home\fed3948f064c6e682df0776db3761049.php 第 57 行.
NOTIC: [8] Undefined variable: curr_search_cid E:\work\isweek-dev\Application\Runtime\Cache\Home\fed3948f064c6e682df0776db3761049.php 第 57 行.
NOTIC: [8] Undefined variable: curr_search_cid E:\work\isweek-dev\Application\Runtime\Cache\Home\fed3948f064c6e682df0776db3761049.php 第 57 行.
NOTIC: [8] Undefined variable: curr_search_cid E:\work\isweek-dev\Application\Runtime\Cache\Home\fed3948f064c6e682df0776db3761049.php 第 57 行.
INFO: Run Behavior\ParseTemplateBehavior [ RunTime:0.037477s ]
INFO: [ view_parse ] --END-- [ RunTime:0.037624s ]
INFO: [ view_filter ] --START--
INFO: Run Behavior\WriteHtmlCacheBehavior [ RunTime:0.000851s ]
INFO: [ view_filter ] --END-- [ RunTime:0.000986s ]
INFO: [ app_end ] --START--
INFO: Run Behavior\ShowPageTraceBehavior [ RunTime:0.005089s ]
INFO: [ app_end ] --END-- [ RunTime:0.005292s ]

[ 2014-08-12T08:58:59+08:00 ] 192.168.2.213 /Category/index/cid/52
INFO: [ app_init ] --START--
INFO: Run Behavior\BuildLiteBehavior [ RunTime:0.000028s ]
INFO: [ app_init ] --END-- [ RunTime:0.000697s ]
INFO: [ app_begin ] --START--
INFO: Run Behavior\ReadHtmlCacheBehavior [ RunTime:0.000920s ]
INFO: [ app_begin ] --END-- [ RunTime:0.001056s ]
SQL: SHOW COLUMNS FROM `sp_terms` [ RunTime:0.001348s ]
SQL: SELECT * FROM `sp_terms` WHERE ( `term_id` = 52 ) LIMIT 1   [ RunTime:0.001026s ]
SQL: SELECT * FROM `sp_terms` WHERE ( `term_id` = 52 ) LIMIT 1   [ RunTime:0.000935s ]
SQL: SELECT * FROM `sp_terms` WHERE ( term_id = 52 OR path LIKE "0-46-52-%" )  [ RunTime:0.000852s ]
NOTIC: [8] Undefined index: p E:\work\isweek-dev\Application\Home\Controller\CategoryController.class.php 第 75 行.
SQL: SHOW COLUMNS FROM `sp_products` [ RunTime:0.001869s ]
SQL: SELECT COUNT(*) AS tp_count FROM `sp_products` WHERE ( `audit` = 1 AND `status` = 1  AND ( `categorys` LIKE "%,52,%" OR `categorys` LIKE "%,54,%" OR `categorys` LIKE "%,56,%") ) LIMIT 1   [ RunTime:0.001062s ]
NOTIC: [8] Undefined index: p E:\work\isweek-dev\ThinkPHP\Library\Org\Cmf\Page.class.php 第 176 行.
NOTIC: [8] Undefined index: p E:\work\isweek-dev\ThinkPHP\Library\Org\Cmf\Page.class.php 第 176 行.
SQL: SELECT * FROM `sp_products` WHERE `audit` = 1 AND `status` = 1  AND ( `categorys` LIKE "%,52,%" OR `categorys` LIKE "%,54,%" OR `categorys` LIKE "%,56,%") AND `recommend` = 1 union all SELECT * FROM `sp_products` WHERE `audit` = 1 AND `status` = 1  AND ( `categorys` LIKE "%,52,%" OR `categorys` LIKE "%,54,%" OR `categorys` LIKE "%,56,%") AND `recommend` = 0 ORDER BY `recommend` desc,`edit_time` desc,`audit_time` desc LIMIT 0, 60 [ RunTime:0.002366s ]
NOTIC: [8] Undefined index: p E:\work\isweek-dev\ThinkPHP\Library\Org\Cmf\Page.class.php 第 176 行.
NOTIC: [8] Undefined index: p E:\work\isweek-dev\ThinkPHP\Library\Org\Cmf\Page.class.php 第 176 行.
NOTIC: [8] Undefined variable: seo_page E:\work\isweek-dev\Application\Home\Controller\CategoryController.class.php 第 113 行.
INFO: [ view_parse ] --START--
INFO: [ template_filter ] --START--
INFO: Run Behavior\ContentReplaceBehavior [ RunTime:0.000342s ]
INFO: [ template_filter ] --END-- [ RunTime:0.000491s ]
NOTIC: [8] Undefined variable: curr_search_cid E:\work\isweek-dev\Application\Runtime\Cache\Home\fed3948f064c6e682df0776db3761049.php 第 57 行.
NOTIC: [8] Undefined variable: curr_search_cid E:\work\isweek-dev\Application\Runtime\Cache\Home\fed3948f064c6e682df0776db3761049.php 第 57 行.
NOTIC: [8] Undefined variable: curr_search_cid E:\work\isweek-dev\Application\Runtime\Cache\Home\fed3948f064c6e682df0776db3761049.php 第 57 行.
NOTIC: [8] Undefined variable: curr_search_cid E:\work\isweek-dev\Application\Runtime\Cache\Home\fed3948f064c6e682df0776db3761049.php 第 57 行.
NOTIC: [8] Undefined variable: curr_search_cid E:\work\isweek-dev\Application\Runtime\Cache\Home\fed3948f064c6e682df0776db3761049.php 第 57 行.
NOTIC: [8] Undefined variable: curr_search_cid E:\work\isweek-dev\Application\Runtime\Cache\Home\fed3948f064c6e682df0776db3761049.php 第 57 行.
NOTIC: [8] Undefined variable: curr_search_cid E:\work\isweek-dev\Application\Runtime\Cache\Home\fed3948f064c6e682df0776db3761049.php 第 57 行.
NOTIC: [8] Undefined variable: curr_search_cid E:\work\isweek-dev\Application\Runtime\Cache\Home\fed3948f064c6e682df0776db3761049.php 第 57 行.
NOTIC: [8] Undefined variable: curr_search_cid E:\work\isweek-dev\Application\Runtime\Cache\Home\fed3948f064c6e682df0776db3761049.php 第 57 行.
NOTIC: [8] Undefined variable: curr_search_cid E:\work\isweek-dev\Application\Runtime\Cache\Home\fed3948f064c6e682df0776db3761049.php 第 57 行.
INFO: Run Behavior\ParseTemplateBehavior [ RunTime:0.037024s ]
INFO: [ view_parse ] --END-- [ RunTime:0.037203s ]
INFO: [ view_filter ] --START--
INFO: Run Behavior\WriteHtmlCacheBehavior [ RunTime:0.000800s ]
INFO: [ view_filter ] --END-- [ RunTime:0.000937s ]
INFO: [ app_end ] --START--
INFO: Run Behavior\ShowPageTraceBehavior [ RunTime:0.001810s ]
INFO: [ app_end ] --END-- [ RunTime:0.001989s ]

[ 2014-08-12T09:06:17+08:00 ] 192.168.2.212 /
INFO: [ app_init ] --START--
INFO: Run Behavior\BuildLiteBehavior [ RunTime:0.000074s ]
INFO: [ app_init ] --END-- [ RunTime:0.008805s ]
INFO: [ app_begin ] --START--
INFO: Run Behavior\ReadHtmlCacheBehavior [ RunTime:0.015774s ]
INFO: [ app_begin ] --END-- [ RunTime:0.016139s ]
NOTIC: [8] Undefined index: cid E:\work\isweek-dev\Application\Home\Controller\CommonController.class.php 第 32 行.
SQL: SHOW COLUMNS FROM `sp_terms` [ RunTime:0.001462s ]
SQL: SELECT * FROM `sp_terms` WHERE ( `term_id` = 0 ) LIMIT 1   [ RunTime:0.000788s ]
NOTIC: [8] Undefined index: p E:\work\isweek-dev\Application\Home\Controller\IndexController.class.php 第 31 行.
SQL: SHOW COLUMNS FROM `sp_products` [ RunTime:0.001958s ]
SQL: SELECT COUNT(*) AS tp_count FROM `sp_products` WHERE ( `recommend` AND `audit` = 1 AND `status` = 1  ) LIMIT 1   [ RunTime:0.000857s ]
NOTIC: [8] Undefined index: p E:\work\isweek-dev\ThinkPHP\Library\Org\Cmf\PageFront.class.php 第 189 行.
NOTIC: [8] Undefined index: p E:\work\isweek-dev\ThinkPHP\Library\Org\Cmf\PageFront.class.php 第 189 行.
SQL: SELECT * FROM  `sp_products` WHERE `recommend`=1 AND `audit` =1 AND  `status` =1 
				ORDER BY  `recommend` DESC, IF(`recommend`=1,`recommend_time`,`audit_time`) DESC
    			 LIMIT 0, 60 [ RunTime:0.001520s ]
INFO: [ view_parse ] --START--
INFO: [ template_filter ] --START--
INFO: Run Behavior\ContentReplaceBehavior [ RunTime:0.000647s ]
INFO: [ template_filter ] --END-- [ RunTime:0.000948s ]
NOTIC: [8] Undefined variable: curr_search_cid E:\work\isweek-dev\Application\Runtime\Cache\Home\fed3948f064c6e682df0776db3761049.php 第 54 行.
NOTIC: [8] Undefined variable: curr_search_cid E:\work\isweek-dev\Application\Runtime\Cache\Home\fed3948f064c6e682df0776db3761049.php 第 54 行.
NOTIC: [8] Undefined variable: curr_search_cid E:\work\isweek-dev\Application\Runtime\Cache\Home\fed3948f064c6e682df0776db3761049.php 第 54 行.
NOTIC: [8] Undefined variable: curr_search_cid E:\work\isweek-dev\Application\Runtime\Cache\Home\fed3948f064c6e682df0776db3761049.php 第 54 行.
NOTIC: [8] Undefined variable: curr_search_cid E:\work\isweek-dev\Application\Runtime\Cache\Home\fed3948f064c6e682df0776db3761049.php 第 54 行.
NOTIC: [8] Undefined variable: curr_search_cid E:\work\isweek-dev\Application\Runtime\Cache\Home\fed3948f064c6e682df0776db3761049.php 第 54 行.
NOTIC: [8] Undefined variable: curr_search_cid E:\work\isweek-dev\Application\Runtime\Cache\Home\fed3948f064c6e682df0776db3761049.php 第 54 行.
NOTIC: [8] Undefined variable: curr_search_cid E:\work\isweek-dev\Application\Runtime\Cache\Home\fed3948f064c6e682df0776db3761049.php 第 54 行.
NOTIC: [8] Undefined variable: curr_search_cid E:\work\isweek-dev\Application\Runtime\Cache\Home\fed3948f064c6e682df0776db3761049.php 第 54 行.
NOTIC: [8] Undefined variable: curr_search_cid E:\work\isweek-dev\Application\Runtime\Cache\Home\fed3948f064c6e682df0776db3761049.php 第 54 行.
NOTIC: [8] Undefined variable: left_curr_term_ids E:\work\isweek-dev\Application\Runtime\Cache\Home\fed3948f064c6e682df0776db3761049.php 第 168 行.
NOTIC: [2] Invalid argument supplied for foreach() E:\work\isweek-dev\Application\Runtime\Cache\Home\fed3948f064c6e682df0776db3761049.php 第 168 行.
NOTIC: [8] Undefined variable: left_curr_term_ids E:\work\isweek-dev\Application\Runtime\Cache\Home\fed3948f064c6e682df0776db3761049.php 第 168 行.
NOTIC: [2] Invalid argument supplied for foreach() E:\work\isweek-dev\Application\Runtime\Cache\Home\fed3948f064c6e682df0776db3761049.php 第 168 行.
INFO: Run Behavior\ParseTemplateBehavior [ RunTime:0.138237s ]
INFO: [ view_parse ] --END-- [ RunTime:0.138535s ]
INFO: [ view_filter ] --START--
INFO: Run Behavior\WriteHtmlCacheBehavior [ RunTime:0.009758s ]
INFO: [ view_filter ] --END-- [ RunTime:0.010028s ]
INFO: [ app_end ] --START--
INFO: Run Behavior\ShowPageTraceBehavior [ RunTime:0.010546s ]
INFO: [ app_end ] --END-- [ RunTime:0.010946s ]

[ 2014-08-12T09:06:18+08:00 ] 192.168.2.212 /
INFO: [ app_init ] --START--
INFO: Run Behavior\BuildLiteBehavior [ RunTime:0.000071s ]
INFO: [ app_init ] --END-- [ RunTime:0.002042s ]
INFO: [ app_begin ] --START--
INFO: Run Behavior\ReadHtmlCacheBehavior [ RunTime:0.002899s ]
INFO: [ app_begin ] --END-- [ RunTime:0.003268s ]
NOTIC: [8] Undefined index: cid E:\work\isweek-dev\Application\Home\Controller\CommonController.class.php 第 32 行.
SQL: SHOW COLUMNS FROM `sp_terms` [ RunTime:0.001481s ]
SQL: SELECT * FROM `sp_terms` WHERE ( `term_id` = 0 ) LIMIT 1   [ RunTime:0.000802s ]
NOTIC: [8] Undefined index: p E:\work\isweek-dev\Application\Home\Controller\IndexController.class.php 第 31 行.
SQL: SHOW COLUMNS FROM `sp_products` [ RunTime:0.001464s ]
SQL: SELECT COUNT(*) AS tp_count FROM `sp_products` WHERE ( `recommend` AND `audit` = 1 AND `status` = 1  ) LIMIT 1   [ RunTime:0.000514s ]
NOTIC: [8] Undefined index: p E:\work\isweek-dev\ThinkPHP\Library\Org\Cmf\PageFront.class.php 第 189 行.
NOTIC: [8] Undefined index: p E:\work\isweek-dev\ThinkPHP\Library\Org\Cmf\PageFront.class.php 第 189 行.
SQL: SELECT * FROM  `sp_products` WHERE `recommend`=1 AND `audit` =1 AND  `status` =1 
				ORDER BY  `recommend` DESC, IF(`recommend`=1,`recommend_time`,`audit_time`) DESC
    			 LIMIT 0, 60 [ RunTime:0.001522s ]
INFO: [ view_parse ] --START--
INFO: [ template_filter ] --START--
INFO: Run Behavior\ContentReplaceBehavior [ RunTime:0.000269s ]
INFO: [ template_filter ] --END-- [ RunTime:0.000447s ]
NOTIC: [8] Undefined variable: curr_search_cid E:\work\isweek-dev\Application\Runtime\Cache\Home\fed3948f064c6e682df0776db3761049.php 第 54 行.
NOTIC: [8] Undefined variable: curr_search_cid E:\work\isweek-dev\Application\Runtime\Cache\Home\fed3948f064c6e682df0776db3761049.php 第 54 行.
NOTIC: [8] Undefined variable: curr_search_cid E:\work\isweek-dev\Application\Runtime\Cache\Home\fed3948f064c6e682df0776db3761049.php 第 54 行.
NOTIC: [8] Undefined variable: curr_search_cid E:\work\isweek-dev\Application\Runtime\Cache\Home\fed3948f064c6e682df0776db3761049.php 第 54 行.
NOTIC: [8] Undefined variable: curr_search_cid E:\work\isweek-dev\Application\Runtime\Cache\Home\fed3948f064c6e682df0776db3761049.php 第 54 行.
NOTIC: [8] Undefined variable: curr_search_cid E:\work\isweek-dev\Application\Runtime\Cache\Home\fed3948f064c6e682df0776db3761049.php 第 54 行.
NOTIC: [8] Undefined variable: curr_search_cid E:\work\isweek-dev\Application\Runtime\Cache\Home\fed3948f064c6e682df0776db3761049.php 第 54 行.
NOTIC: [8] Undefined variable: curr_search_cid E:\work\isweek-dev\Application\Runtime\Cache\Home\fed3948f064c6e682df0776db3761049.php 第 54 行.
NOTIC: [8] Undefined variable: curr_search_cid E:\work\isweek-dev\Application\Runtime\Cache\Home\fed3948f064c6e682df0776db3761049.php 第 54 行.
NOTIC: [8] Undefined variable: curr_search_cid E:\work\isweek-dev\Application\Runtime\Cache\Home\fed3948f064c6e682df0776db3761049.php 第 54 行.
NOTIC: [8] Undefined variable: left_curr_term_ids E:\work\isweek-dev\Application\Runtime\Cache\Home\fed3948f064c6e682df0776db3761049.php 第 168 行.
NOTIC: [2] Invalid argument supplied for foreach() E:\work\isweek-dev\Application\Runtime\Cache\Home\fed3948f064c6e682df0776db3761049.php 第 168 行.
NOTIC: [8] Undefined variable: left_curr_term_ids E:\work\isweek-dev\Application\Runtime\Cache\Home\fed3948f064c6e682df0776db3761049.php 第 168 行.
NOTIC: [2] Invalid argument supplied for foreach() E:\work\isweek-dev\Application\Runtime\Cache\Home\fed3948f064c6e682df0776db3761049.php 第 168 行.
INFO: Run Behavior\ParseTemplateBehavior [ RunTime:0.032724s ]
INFO: [ view_parse ] --END-- [ RunTime:0.032894s ]
INFO: [ view_filter ] --START--
INFO: Run Behavior\WriteHtmlCacheBehavior [ RunTime:0.000676s ]
INFO: [ view_filter ] --END-- [ RunTime:0.000774s ]
INFO: [ app_end ] --START--
INFO: Run Behavior\ShowPageTraceBehavior [ RunTime:0.001238s ]
INFO: [ app_end ] --END-- [ RunTime:0.001367s ]

[ 2014-08-12T09:06:25+08:00 ] 192.168.2.212 /
INFO: [ app_init ] --START--
INFO: Run Behavior\BuildLiteBehavior [ RunTime:0.000065s ]
INFO: [ app_init ] --END-- [ RunTime:0.001805s ]
INFO: [ app_begin ] --START--
INFO: Run Behavior\ReadHtmlCacheBehavior [ RunTime:0.002982s ]
INFO: [ app_begin ] --END-- [ RunTime:0.003346s ]
NOTIC: [8] Undefined index: cid E:\work\isweek-dev\Application\Home\Controller\CommonController.class.php 第 32 行.
SQL: SHOW COLUMNS FROM `sp_terms` [ RunTime:0.001338s ]
SQL: SELECT * FROM `sp_terms` WHERE ( `term_id` = 0 ) LIMIT 1   [ RunTime:0.000977s ]
NOTIC: [8] Undefined index: p E:\work\isweek-dev\Application\Home\Controller\IndexController.class.php 第 31 行.
SQL: SHOW COLUMNS FROM `sp_products` [ RunTime:0.001801s ]
SQL: SELECT COUNT(*) AS tp_count FROM `sp_products` WHERE ( `recommend` AND `audit` = 1 AND `status` = 1  ) LIMIT 1   [ RunTime:0.000995s ]
NOTIC: [8] Undefined index: p E:\work\isweek-dev\ThinkPHP\Library\Org\Cmf\PageFront.class.php 第 189 行.
NOTIC: [8] Undefined index: p E:\work\isweek-dev\ThinkPHP\Library\Org\Cmf\PageFront.class.php 第 189 行.
SQL: SELECT * FROM  `sp_products` WHERE `recommend`=1 AND `audit` =1 AND  `status` =1 
				ORDER BY  `recommend` DESC, IF(`recommend`=1,`recommend_time`,`audit_time`) DESC
    			 LIMIT 0, 60 [ RunTime:0.001524s ]
INFO: [ view_parse ] --START--
INFO: [ template_filter ] --START--
INFO: Run Behavior\ContentReplaceBehavior [ RunTime:0.000345s ]
INFO: [ template_filter ] --END-- [ RunTime:0.000587s ]
NOTIC: [8] Undefined variable: curr_search_cid E:\work\isweek-dev\Application\Runtime\Cache\Home\fed3948f064c6e682df0776db3761049.php 第 54 行.
NOTIC: [8] Undefined variable: curr_search_cid E:\work\isweek-dev\Application\Runtime\Cache\Home\fed3948f064c6e682df0776db3761049.php 第 54 行.
NOTIC: [8] Undefined variable: curr_search_cid E:\work\isweek-dev\Application\Runtime\Cache\Home\fed3948f064c6e682df0776db3761049.php 第 54 行.
NOTIC: [8] Undefined variable: curr_search_cid E:\work\isweek-dev\Application\Runtime\Cache\Home\fed3948f064c6e682df0776db3761049.php 第 54 行.
NOTIC: [8] Undefined variable: curr_search_cid E:\work\isweek-dev\Application\Runtime\Cache\Home\fed3948f064c6e682df0776db3761049.php 第 54 行.
NOTIC: [8] Undefined variable: curr_search_cid E:\work\isweek-dev\Application\Runtime\Cache\Home\fed3948f064c6e682df0776db3761049.php 第 54 行.
NOTIC: [8] Undefined variable: curr_search_cid E:\work\isweek-dev\Application\Runtime\Cache\Home\fed3948f064c6e682df0776db3761049.php 第 54 行.
NOTIC: [8] Undefined variable: curr_search_cid E:\work\isweek-dev\Application\Runtime\Cache\Home\fed3948f064c6e682df0776db3761049.php 第 54 行.
NOTIC: [8] Undefined variable: curr_search_cid E:\work\isweek-dev\Application\Runtime\Cache\Home\fed3948f064c6e682df0776db3761049.php 第 54 行.
NOTIC: [8] Undefined variable: curr_search_cid E:\work\isweek-dev\Application\Runtime\Cache\Home\fed3948f064c6e682df0776db3761049.php 第 54 行.
NOTIC: [8] Undefined variable: left_curr_term_ids E:\work\isweek-dev\Application\Runtime\Cache\Home\fed3948f064c6e682df0776db3761049.php 第 168 行.
NOTIC: [2] Invalid argument supplied for foreach() E:\work\isweek-dev\Application\Runtime\Cache\Home\fed3948f064c6e682df0776db3761049.php 第 168 行.
NOTIC: [8] Undefined variable: left_curr_term_ids E:\work\isweek-dev\Application\Runtime\Cache\Home\fed3948f064c6e682df0776db3761049.php 第 168 行.
NOTIC: [2] Invalid argument supplied for foreach() E:\work\isweek-dev\Application\Runtime\Cache\Home\fed3948f064c6e682df0776db3761049.php 第 168 行.
INFO: Run Behavior\ParseTemplateBehavior [ RunTime:0.040988s ]
INFO: [ view_parse ] --END-- [ RunTime:0.041167s ]
INFO: [ view_filter ] --START--
INFO: Run Behavior\WriteHtmlCacheBehavior [ RunTime:0.000690s ]
INFO: [ view_filter ] --END-- [ RunTime:0.000826s ]
INFO: [ app_end ] --START--
INFO: Run Behavior\ShowPageTraceBehavior [ RunTime:0.001121s ]
INFO: [ app_end ] --END-- [ RunTime:0.001236s ]

[ 2014-08-12T09:21:23+08:00 ] 192.168.2.212 /
INFO: [ app_init ] --START--
INFO: Run Behavior\BuildLiteBehavior [ RunTime:0.000069s ]
INFO: [ app_init ] --END-- [ RunTime:0.008689s ]
INFO: [ app_begin ] --START--
INFO: Run Behavior\ReadHtmlCacheBehavior [ RunTime:0.006911s ]
INFO: [ app_begin ] --END-- [ RunTime:0.007275s ]
NOTIC: [8] Undefined index: cid E:\work\isweek-dev\Application\Home\Controller\CommonController.class.php 第 32 行.
SQL: SHOW COLUMNS FROM `sp_terms` [ RunTime:0.001419s ]
SQL: SELECT * FROM `sp_terms` WHERE ( `term_id` = 0 ) LIMIT 1   [ RunTime:0.000806s ]
NOTIC: [8] Undefined index: p E:\work\isweek-dev\Application\Home\Controller\IndexController.class.php 第 31 行.
SQL: SHOW COLUMNS FROM `sp_products` [ RunTime:0.001808s ]
SQL: SELECT COUNT(*) AS tp_count FROM `sp_products` WHERE ( `recommend` AND `audit` = 1 AND `status` = 1  ) LIMIT 1   [ RunTime:0.000844s ]
NOTIC: [8] Undefined index: p E:\work\isweek-dev\ThinkPHP\Library\Org\Cmf\PageFront.class.php 第 189 行.
NOTIC: [8] Undefined index: p E:\work\isweek-dev\ThinkPHP\Library\Org\Cmf\PageFront.class.php 第 189 行.
SQL: SELECT * FROM  `sp_products` WHERE `recommend`=1 AND `audit` =1 AND  `status` =1 
				ORDER BY  `recommend` DESC, IF(`recommend`=1,`recommend_time`,`audit_time`) DESC
    			 LIMIT 0, 60 [ RunTime:0.001520s ]
INFO: [ view_parse ] --START--
INFO: [ template_filter ] --START--
INFO: Run Behavior\ContentReplaceBehavior [ RunTime:0.000615s ]
INFO: [ template_filter ] --END-- [ RunTime:0.000928s ]
NOTIC: [8] Undefined variable: curr_search_cid E:\work\isweek-dev\Application\Runtime\Cache\Home\fed3948f064c6e682df0776db3761049.php 第 54 行.
NOTIC: [8] Undefined variable: curr_search_cid E:\work\isweek-dev\Application\Runtime\Cache\Home\fed3948f064c6e682df0776db3761049.php 第 54 行.
NOTIC: [8] Undefined variable: curr_search_cid E:\work\isweek-dev\Application\Runtime\Cache\Home\fed3948f064c6e682df0776db3761049.php 第 54 行.
NOTIC: [8] Undefined variable: curr_search_cid E:\work\isweek-dev\Application\Runtime\Cache\Home\fed3948f064c6e682df0776db3761049.php 第 54 行.
NOTIC: [8] Undefined variable: curr_search_cid E:\work\isweek-dev\Application\Runtime\Cache\Home\fed3948f064c6e682df0776db3761049.php 第 54 行.
NOTIC: [8] Undefined variable: curr_search_cid E:\work\isweek-dev\Application\Runtime\Cache\Home\fed3948f064c6e682df0776db3761049.php 第 54 行.
NOTIC: [8] Undefined variable: curr_search_cid E:\work\isweek-dev\Application\Runtime\Cache\Home\fed3948f064c6e682df0776db3761049.php 第 54 行.
NOTIC: [8] Undefined variable: curr_search_cid E:\work\isweek-dev\Application\Runtime\Cache\Home\fed3948f064c6e682df0776db3761049.php 第 54 行.
NOTIC: [8] Undefined variable: curr_search_cid E:\work\isweek-dev\Application\Runtime\Cache\Home\fed3948f064c6e682df0776db3761049.php 第 54 行.
NOTIC: [8] Undefined variable: curr_search_cid E:\work\isweek-dev\Application\Runtime\Cache\Home\fed3948f064c6e682df0776db3761049.php 第 54 行.
NOTIC: [8] Undefined variable: left_curr_term_ids E:\work\isweek-dev\Application\Runtime\Cache\Home\fed3948f064c6e682df0776db3761049.php 第 168 行.
NOTIC: [2] Invalid argument supplied for foreach() E:\work\isweek-dev\Application\Runtime\Cache\Home\fed3948f064c6e682df0776db3761049.php 第 168 行.
NOTIC: [8] Undefined variable: left_curr_term_ids E:\work\isweek-dev\Application\Runtime\Cache\Home\fed3948f064c6e682df0776db3761049.php 第 168 行.
NOTIC: [2] Invalid argument supplied for foreach() E:\work\isweek-dev\Application\Runtime\Cache\Home\fed3948f064c6e682df0776db3761049.php 第 168 行.
INFO: Run Behavior\ParseTemplateBehavior [ RunTime:0.213491s ]
INFO: [ view_parse ] --END-- [ RunTime:0.213772s ]
INFO: [ view_filter ] --START--
INFO: Run Behavior\WriteHtmlCacheBehavior [ RunTime:0.009697s ]
INFO: [ view_filter ] --END-- [ RunTime:0.009971s ]
INFO: [ app_end ] --START--
INFO: Run Behavior\ShowPageTraceBehavior [ RunTime:0.010658s ]
INFO: [ app_end ] --END-- [ RunTime:0.010947s ]

