[ 2014-09-03T10:36:27+08:00 ] 192.168.2.212 /product/solar-hybrid-inverter-with-lcd-display-sh2048-3048-5048_242.html
INFO: [ app_init ] --START--
INFO: Run Behavior\BuildLiteBehavior [ RunTime:0.000070s ]
INFO: [ app_init ] --END-- [ RunTime:0.049779s ]
INFO: [ app_begin ] --START--
INFO: Run Behavior\ReadHtmlCacheBehavior [ RunTime:0.015000s ]
INFO: [ app_begin ] --END-- [ RunTime:0.015339s ]
NOTIC: [8] Undefined index: cid E:\work\isweek-dev\Application\Home\Controller\CommonController.class.php 第 32 行.
SQL: SHOW COLUMNS FROM `sp_terms` [ RunTime:0.001452s ]
SQL: SELECT * FROM `sp_terms` WHERE ( `term_id` = 0 ) LIMIT 1   [ RunTime:0.000809s ]
SQL: SHOW COLUMNS FROM `sp_products` [ RunTime:0.001810s ]
SQL: SELECT * FROM `sp_products` WHERE ( `id` = 242 ) LIMIT 1   [ RunTime:0.000992s ]
INFO: [ view_parse ] --START--
INFO: [ template_filter ] --START--
INFO: Run Behavior\ContentReplaceBehavior [ RunTime:0.000206s ]
INFO: [ template_filter ] --END-- [ RunTime:0.000489s ]
INFO: Run Behavior\ParseTemplateBehavior [ RunTime:0.189637s ]
INFO: [ view_parse ] --END-- [ RunTime:0.189958s ]
INFO: [ view_filter ] --START--
INFO: Run Behavior\WriteHtmlCacheBehavior [ RunTime:0.011883s ]
INFO: [ view_filter ] --END-- [ RunTime:0.012150s ]

