[ 2014-09-22T17:16:12+08:00 ] 192.168.2.25 /
INFO: [ app_init ] --START--
INFO: Run Behavior\BuildLiteBehavior [ RunTime:0.000034s ]
INFO: [ app_init ] --END-- [ RunTime:0.097896s ]
INFO: [ app_begin ] --START--
INFO: Run Behavior\ReadHtmlCacheBehavior [ RunTime:0.050307s ]
INFO: [ app_begin ] --END-- [ RunTime:0.050603s ]
NOTIC: [8] Undefined index: cid E:\work\isweek-dev\Application\Home\Controller\CommonController.class.php 第 32 行.
SQL: SHOW COLUMNS FROM `sp_terms` [ RunTime:0.009250s ]
SQL: SELECT * FROM `sp_terms` WHERE ( `term_id` = 0 ) LIMIT 1   [ RunTime:0.001183s ]
NOTIC: [8] Undefined index: p E:\work\isweek-dev\Application\Home\Controller\IndexController.class.php 第 35 行.
SQL: SHOW COLUMNS FROM `sp_products` [ RunTime:0.001900s ]
SQL: SELECT COUNT(*) AS tp_count FROM `sp_products` WHERE ( `recommend` AND `audit` = 1 AND `status` = 1  ) LIMIT 1   [ RunTime:0.000789s ]
NOTIC: [8] Undefined index: p E:\work\isweek-dev\ThinkPHP\Library\Org\Cmf\PageFront.class.php 第 189 行.
NOTIC: [8] Undefined index: p E:\work\isweek-dev\ThinkPHP\Library\Org\Cmf\PageFront.class.php 第 189 行.
SQL: SELECT * FROM  `sp_products` WHERE `recommend`=1 AND `audit` =1 AND  `status` =1 
				ORDER BY  `recommend` DESC, IF(`recommend`=1,`recommend_time`,`audit_time`) DESC
    			 LIMIT 0, 60 [ RunTime:0.001244s ]
INFO: [ view_parse ] --START--
INFO: [ template_filter ] --START--
INFO: Run Behavior\ContentReplaceBehavior [ RunTime:0.000687s ]
INFO: [ template_filter ] --END-- [ RunTime:0.001048s ]
NOTIC: [8] Undefined variable: curr_search_cid E:\work\isweek-dev\Application\Runtime\Cache\Home\fed3948f064c6e682df0776db3761049.php 第 57 行.
NOTIC: [8] Undefined variable: curr_search_cid E:\work\isweek-dev\Application\Runtime\Cache\Home\fed3948f064c6e682df0776db3761049.php 第 57 行.
NOTIC: [8] Undefined variable: curr_search_cid E:\work\isweek-dev\Application\Runtime\Cache\Home\fed3948f064c6e682df0776db3761049.php 第 57 行.
NOTIC: [8] Undefined variable: curr_search_cid E:\work\isweek-dev\Application\Runtime\Cache\Home\fed3948f064c6e682df0776db3761049.php 第 57 行.
NOTIC: [8] Undefined variable: curr_search_cid E:\work\isweek-dev\Application\Runtime\Cache\Home\fed3948f064c6e682df0776db3761049.php 第 57 行.
NOTIC: [8] Undefined variable: curr_search_cid E:\work\isweek-dev\Application\Runtime\Cache\Home\fed3948f064c6e682df0776db3761049.php 第 57 行.
NOTIC: [8] Undefined variable: curr_search_cid E:\work\isweek-dev\Application\Runtime\Cache\Home\fed3948f064c6e682df0776db3761049.php 第 57 行.
NOTIC: [8] Undefined variable: curr_search_cid E:\work\isweek-dev\Application\Runtime\Cache\Home\fed3948f064c6e682df0776db3761049.php 第 57 行.
NOTIC: [8] Undefined variable: curr_search_cid E:\work\isweek-dev\Application\Runtime\Cache\Home\fed3948f064c6e682df0776db3761049.php 第 57 行.
NOTIC: [8] Undefined variable: curr_search_cid E:\work\isweek-dev\Application\Runtime\Cache\Home\fed3948f064c6e682df0776db3761049.php 第 57 行.
NOTIC: [8] Undefined variable: left_curr_term_ids E:\work\isweek-dev\Application\Runtime\Cache\Home\fed3948f064c6e682df0776db3761049.php 第 178 行.
NOTIC: [2] Invalid argument supplied for foreach() E:\work\isweek-dev\Application\Runtime\Cache\Home\fed3948f064c6e682df0776db3761049.php 第 178 行.
NOTIC: [8] Undefined variable: left_curr_term_ids E:\work\isweek-dev\Application\Runtime\Cache\Home\fed3948f064c6e682df0776db3761049.php 第 178 行.
NOTIC: [2] Invalid argument supplied for foreach() E:\work\isweek-dev\Application\Runtime\Cache\Home\fed3948f064c6e682df0776db3761049.php 第 178 行.
INFO: Run Behavior\ParseTemplateBehavior [ RunTime:1.502452s ]
INFO: [ view_parse ] --END-- [ RunTime:1.502752s ]
INFO: [ view_filter ] --START--
INFO: Run Behavior\WriteHtmlCacheBehavior [ RunTime:0.069229s ]
INFO: [ view_filter ] --END-- [ RunTime:0.069504s ]
INFO: [ app_end ] --START--
INFO: Run Behavior\ShowPageTraceBehavior [ RunTime:0.093991s ]
INFO: [ app_end ] --END-- [ RunTime:0.094290s ]

[ 2014-09-22T17:16:42+08:00 ] 192.168.2.25 /
INFO: [ app_init ] --START--
INFO: Run Behavior\BuildLiteBehavior [ RunTime:0.000069s ]
INFO: [ app_init ] --END-- [ RunTime:0.001957s ]
INFO: [ app_begin ] --START--
INFO: Run Behavior\ReadHtmlCacheBehavior [ RunTime:0.002761s ]
INFO: [ app_begin ] --END-- [ RunTime:0.003091s ]
NOTIC: [8] Undefined index: cid E:\work\isweek-dev\Application\Home\Controller\CommonController.class.php 第 32 行.
SQL: SHOW COLUMNS FROM `sp_terms` [ RunTime:0.001446s ]
SQL: SELECT * FROM `sp_terms` WHERE ( `term_id` = 0 ) LIMIT 1   [ RunTime:0.000767s ]
NOTIC: [8] Undefined index: p E:\work\isweek-dev\Application\Home\Controller\IndexController.class.php 第 35 行.
SQL: SHOW COLUMNS FROM `sp_products` [ RunTime:0.002537s ]
SQL: SELECT COUNT(*) AS tp_count FROM `sp_products` WHERE ( `recommend` AND `audit` = 1 AND `status` = 1  ) LIMIT 1   [ RunTime:0.000749s ]
NOTIC: [8] Undefined index: p E:\work\isweek-dev\ThinkPHP\Library\Org\Cmf\PageFront.class.php 第 189 行.
NOTIC: [8] Undefined index: p E:\work\isweek-dev\ThinkPHP\Library\Org\Cmf\PageFront.class.php 第 189 行.
SQL: SELECT * FROM  `sp_products` WHERE `recommend`=1 AND `audit` =1 AND  `status` =1 
				ORDER BY  `recommend` DESC, IF(`recommend`=1,`recommend_time`,`audit_time`) DESC
    			 LIMIT 0, 60 [ RunTime:0.001714s ]
INFO: [ view_parse ] --START--
INFO: [ template_filter ] --START--
INFO: Run Behavior\ContentReplaceBehavior [ RunTime:0.000637s ]
INFO: [ template_filter ] --END-- [ RunTime:0.001063s ]
NOTIC: [8] Undefined variable: curr_search_cid E:\work\isweek-dev\Application\Runtime\Cache\Home\fed3948f064c6e682df0776db3761049.php 第 57 行.
NOTIC: [8] Undefined variable: curr_search_cid E:\work\isweek-dev\Application\Runtime\Cache\Home\fed3948f064c6e682df0776db3761049.php 第 57 行.
NOTIC: [8] Undefined variable: curr_search_cid E:\work\isweek-dev\Application\Runtime\Cache\Home\fed3948f064c6e682df0776db3761049.php 第 57 行.
NOTIC: [8] Undefined variable: curr_search_cid E:\work\isweek-dev\Application\Runtime\Cache\Home\fed3948f064c6e682df0776db3761049.php 第 57 行.
NOTIC: [8] Undefined variable: curr_search_cid E:\work\isweek-dev\Application\Runtime\Cache\Home\fed3948f064c6e682df0776db3761049.php 第 57 行.
NOTIC: [8] Undefined variable: curr_search_cid E:\work\isweek-dev\Application\Runtime\Cache\Home\fed3948f064c6e682df0776db3761049.php 第 57 行.
NOTIC: [8] Undefined variable: curr_search_cid E:\work\isweek-dev\Application\Runtime\Cache\Home\fed3948f064c6e682df0776db3761049.php 第 57 行.
NOTIC: [8] Undefined variable: curr_search_cid E:\work\isweek-dev\Application\Runtime\Cache\Home\fed3948f064c6e682df0776db3761049.php 第 57 行.
NOTIC: [8] Undefined variable: curr_search_cid E:\work\isweek-dev\Application\Runtime\Cache\Home\fed3948f064c6e682df0776db3761049.php 第 57 行.
NOTIC: [8] Undefined variable: curr_search_cid E:\work\isweek-dev\Application\Runtime\Cache\Home\fed3948f064c6e682df0776db3761049.php 第 57 行.
NOTIC: [8] Undefined variable: left_curr_term_ids E:\work\isweek-dev\Application\Runtime\Cache\Home\fed3948f064c6e682df0776db3761049.php 第 178 行.
NOTIC: [2] Invalid argument supplied for foreach() E:\work\isweek-dev\Application\Runtime\Cache\Home\fed3948f064c6e682df0776db3761049.php 第 178 行.
NOTIC: [8] Undefined variable: left_curr_term_ids E:\work\isweek-dev\Application\Runtime\Cache\Home\fed3948f064c6e682df0776db3761049.php 第 178 行.
NOTIC: [2] Invalid argument supplied for foreach() E:\work\isweek-dev\Application\Runtime\Cache\Home\fed3948f064c6e682df0776db3761049.php 第 178 行.
INFO: Run Behavior\ParseTemplateBehavior [ RunTime:0.070793s ]
INFO: [ view_parse ] --END-- [ RunTime:0.071039s ]
INFO: [ view_filter ] --START--
INFO: Run Behavior\WriteHtmlCacheBehavior [ RunTime:0.000694s ]
INFO: [ view_filter ] --END-- [ RunTime:0.000793s ]
INFO: [ app_end ] --START--
INFO: Run Behavior\ShowPageTraceBehavior [ RunTime:0.001493s ]
INFO: [ app_end ] --END-- [ RunTime:0.001620s ]

[ 2014-09-22T17:16:48+08:00 ] 192.168.2.25 /contactus.html
INFO: [ app_init ] --START--
INFO: Run Behavior\BuildLiteBehavior [ RunTime:0.000066s ]
INFO: [ app_init ] --END-- [ RunTime:0.001863s ]
INFO: [ app_begin ] --START--
INFO: Run Behavior\ReadHtmlCacheBehavior [ RunTime:0.003925s ]
INFO: [ app_begin ] --END-- [ RunTime:0.004282s ]
NOTIC: [8] Undefined index: cid E:\work\isweek-dev\Application\Home\Controller\CommonController.class.php 第 32 行.
SQL: SHOW COLUMNS FROM `sp_terms` [ RunTime:0.001416s ]
SQL: SELECT * FROM `sp_terms` WHERE ( `term_id` = 0 ) LIMIT 1   [ RunTime:0.000898s ]
INFO: [ view_parse ] --START--
INFO: [ template_filter ] --START--
INFO: Run Behavior\ContentReplaceBehavior [ RunTime:0.001163s ]
INFO: [ template_filter ] --END-- [ RunTime:0.001560s ]
NOTIC: [8] Undefined variable: curr_search_cid E:\work\isweek-dev\Application\Runtime\Cache\Home\53a1b36bf81142201e70f56c40215209.php 第 57 行.
NOTIC: [8] Undefined variable: curr_search_cid E:\work\isweek-dev\Application\Runtime\Cache\Home\53a1b36bf81142201e70f56c40215209.php 第 57 行.
NOTIC: [8] Undefined variable: curr_search_cid E:\work\isweek-dev\Application\Runtime\Cache\Home\53a1b36bf81142201e70f56c40215209.php 第 57 行.
NOTIC: [8] Undefined variable: curr_search_cid E:\work\isweek-dev\Application\Runtime\Cache\Home\53a1b36bf81142201e70f56c40215209.php 第 57 行.
NOTIC: [8] Undefined variable: curr_search_cid E:\work\isweek-dev\Application\Runtime\Cache\Home\53a1b36bf81142201e70f56c40215209.php 第 57 行.
NOTIC: [8] Undefined variable: curr_search_cid E:\work\isweek-dev\Application\Runtime\Cache\Home\53a1b36bf81142201e70f56c40215209.php 第 57 行.
NOTIC: [8] Undefined variable: curr_search_cid E:\work\isweek-dev\Application\Runtime\Cache\Home\53a1b36bf81142201e70f56c40215209.php 第 57 行.
NOTIC: [8] Undefined variable: curr_search_cid E:\work\isweek-dev\Application\Runtime\Cache\Home\53a1b36bf81142201e70f56c40215209.php 第 57 行.
NOTIC: [8] Undefined variable: curr_search_cid E:\work\isweek-dev\Application\Runtime\Cache\Home\53a1b36bf81142201e70f56c40215209.php 第 57 行.
NOTIC: [8] Undefined variable: curr_search_cid E:\work\isweek-dev\Application\Runtime\Cache\Home\53a1b36bf81142201e70f56c40215209.php 第 57 行.
NOTIC: [8] Undefined variable: left_curr_term_ids E:\work\isweek-dev\Application\Runtime\Cache\Home\53a1b36bf81142201e70f56c40215209.php 第 168 行.
NOTIC: [2] Invalid argument supplied for foreach() E:\work\isweek-dev\Application\Runtime\Cache\Home\53a1b36bf81142201e70f56c40215209.php 第 168 行.
NOTIC: [8] Undefined variable: left_curr_term_ids E:\work\isweek-dev\Application\Runtime\Cache\Home\53a1b36bf81142201e70f56c40215209.php 第 168 行.
NOTIC: [2] Invalid argument supplied for foreach() E:\work\isweek-dev\Application\Runtime\Cache\Home\53a1b36bf81142201e70f56c40215209.php 第 168 行.
INFO: Run Behavior\ParseTemplateBehavior [ RunTime:0.139434s ]
INFO: [ view_parse ] --END-- [ RunTime:0.139838s ]
INFO: [ view_filter ] --START--
INFO: Run Behavior\WriteHtmlCacheBehavior [ RunTime:0.002648s ]
INFO: [ view_filter ] --END-- [ RunTime:0.002910s ]
INFO: [ app_end ] --START--
INFO: Run Behavior\ShowPageTraceBehavior [ RunTime:0.003680s ]
INFO: [ app_end ] --END-- [ RunTime:0.004020s ]

