[ 2014-07-08T08:34:56+08:00 ] 192.168.2.212 /Admin/products/add
INFO: [ app_init ] --START--
INFO: Run Behavior\BuildLiteBehavior [ RunTime:0.000072s ]
INFO: [ app_init ] --END-- [ RunTime:0.020025s ]
INFO: [ app_begin ] --START--
INFO: Run Behavior\ReadHtmlCacheBehavior [ RunTime:0.023765s ]
INFO: [ app_begin ] --END-- [ RunTime:0.024134s ]
NOTIC: [2048] Declaration of Admin\Controller\ProductsController::listorders() should be compatible with that of Admin\Controller\AdminbaseController::listorders() E:\work\isweek-dev\Application\Admin\Controller\ProductsController.class.php 第 3 行.
NOTIC: [2048] Declaration of Admin\Controller\ProductsController::show() should be compatible with that of Think\Controller::show() E:\work\isweek-dev\Application\Admin\Controller\ProductsController.class.php 第 3 行.
SQL: SHOW COLUMNS FROM `sp_users` [ RunTime:0.001382s ]
SQL: SELECT * FROM `sp_users` WHERE ( ID=1 ) LIMIT 1   [ RunTime:0.000725s ]
SQL: SHOW COLUMNS FROM `sp_products` [ RunTime:0.001557s ]
NOTIC: [2048] Declaration of Admin\Model\TermsModel::_before_write() should be compatible with that of Think\Model::_before_write() E:\work\isweek-dev\Application\Admin\Model\TermsModel.class.php 第 275 行.
SQL: SHOW COLUMNS FROM `sp_terms` [ RunTime:0.001182s ]
SQL: SHOW COLUMNS FROM `sp_suppliers` [ RunTime:0.001158s ]
SQL: SELECT `id`,`name` FROM `sp_suppliers` ORDER BY name ASC,listorder ASC  [ RunTime:0.000732s ]
NOTIC: [8] Undefined index: category E:\work\isweek-dev\Application\Admin\Controller\ProductsController.class.php 第 324 行.
SQL: SELECT * FROM `sp_terms` ORDER BY `listorder` asc  [ RunTime:0.001139s ]
INFO: [ view_parse ] --START--
INFO: [ template_filter ] --START--
INFO: Run Behavior\ContentReplaceBehavior [ RunTime:0.000210s ]
INFO: [ template_filter ] --END-- [ RunTime:0.000321s ]
NOTIC: [8] Use of undefined constant id - assumed 'id' E:\work\isweek-dev\Application\Runtime\Cache\Admin\94ebc0d47859bcf913c7905c246eb6a6.php 第 79 行.
NOTIC: [8] Use of undefined constant supplier_id - assumed 'supplier_id' E:\work\isweek-dev\Application\Runtime\Cache\Admin\94ebc0d47859bcf913c7905c246eb6a6.php 第 79 行.
NOTIC: [8] Undefined variable: products E:\work\isweek-dev\Application\Runtime\Cache\Admin\94ebc0d47859bcf913c7905c246eb6a6.php 第 79 行.
NOTIC: [8] Use of undefined constant id - assumed 'id' E:\work\isweek-dev\Application\Runtime\Cache\Admin\94ebc0d47859bcf913c7905c246eb6a6.php 第 79 行.
NOTIC: [8] Use of undefined constant supplier_id - assumed 'supplier_id' E:\work\isweek-dev\Application\Runtime\Cache\Admin\94ebc0d47859bcf913c7905c246eb6a6.php 第 79 行.
NOTIC: [8] Undefined variable: products E:\work\isweek-dev\Application\Runtime\Cache\Admin\94ebc0d47859bcf913c7905c246eb6a6.php 第 79 行.
NOTIC: [8] Use of undefined constant id - assumed 'id' E:\work\isweek-dev\Application\Runtime\Cache\Admin\94ebc0d47859bcf913c7905c246eb6a6.php 第 79 行.
NOTIC: [8] Use of undefined constant supplier_id - assumed 'supplier_id' E:\work\isweek-dev\Application\Runtime\Cache\Admin\94ebc0d47859bcf913c7905c246eb6a6.php 第 79 行.
NOTIC: [8] Undefined variable: products E:\work\isweek-dev\Application\Runtime\Cache\Admin\94ebc0d47859bcf913c7905c246eb6a6.php 第 79 行.
INFO: Run Behavior\ParseTemplateBehavior [ RunTime:1.180933s ]
INFO: [ view_parse ] --END-- [ RunTime:1.181093s ]
INFO: [ view_filter ] --START--
INFO: Run Behavior\WriteHtmlCacheBehavior [ RunTime:0.074440s ]
INFO: [ view_filter ] --END-- [ RunTime:0.074557s ]
INFO: [ app_end ] --START--
INFO: Run Behavior\ShowPageTraceBehavior [ RunTime:0.118625s ]
INFO: [ app_end ] --END-- [ RunTime:0.118749s ]

