[ 2014-10-08T15:00:25+08:00 ] 192.168.2.25 /
INFO: [ app_init ] --START--
INFO: Run Behavior\BuildLiteBehavior [ RunTime:0.000071s ]
INFO: [ app_init ] --END-- [ RunTime:0.084021s ]
INFO: [ app_begin ] --START--
INFO: Run Behavior\ReadHtmlCacheBehavior [ RunTime:0.023700s ]
INFO: [ app_begin ] --END-- [ RunTime:0.024094s ]
NOTIC: [8] Undefined index: cid E:\work\isweek-dev\Application\Home\Controller\CommonController.class.php 第 32 行.
SQL: SHOW COLUMNS FROM `sp_terms` [ RunTime:0.011856s ]
SQL: SELECT * FROM `sp_terms` WHERE ( `term_id` = 0 ) LIMIT 1   [ RunTime:0.000908s ]
NOTIC: [8] Undefined index: p E:\work\isweek-dev\Application\Home\Controller\IndexController.class.php 第 35 行.
SQL: SHOW COLUMNS FROM `sp_products` [ RunTime:0.008409s ]
SQL: SELECT COUNT(*) AS tp_count FROM `sp_products` WHERE ( `recommend` AND `audit` = 1 AND `status` = 1  ) LIMIT 1   [ RunTime:0.001326s ]
NOTIC: [8] Undefined index: p E:\work\isweek-dev\ThinkPHP\Library\Org\Cmf\PageFront.class.php 第 189 行.
NOTIC: [8] Undefined index: p E:\work\isweek-dev\ThinkPHP\Library\Org\Cmf\PageFront.class.php 第 189 行.
SQL: SELECT * FROM  `sp_products` WHERE `recommend`=1 AND `audit` =1 AND  `status` =1 
				ORDER BY  `recommend` DESC, IF(`recommend`=1,`recommend_time`,`audit_time`) DESC
    			 LIMIT 0, 60 [ RunTime:0.001541s ]
INFO: [ view_parse ] --START--
INFO: [ template_filter ] --START--
INFO: Run Behavior\ContentReplaceBehavior [ RunTime:0.000642s ]
INFO: [ template_filter ] --END-- [ RunTime:0.000947s ]
NOTIC: [8] Undefined variable: curr_search_cid E:\work\isweek-dev\Application\Runtime\Cache\Home\fed3948f064c6e682df0776db3761049.php 第 57 行.
NOTIC: [8] Undefined variable: curr_search_cid E:\work\isweek-dev\Application\Runtime\Cache\Home\fed3948f064c6e682df0776db3761049.php 第 57 行.
NOTIC: [8] Undefined variable: curr_search_cid E:\work\isweek-dev\Application\Runtime\Cache\Home\fed3948f064c6e682df0776db3761049.php 第 57 行.
NOTIC: [8] Undefined variable: curr_search_cid E:\work\isweek-dev\Application\Runtime\Cache\Home\fed3948f064c6e682df0776db3761049.php 第 57 行.
NOTIC: [8] Undefined variable: curr_search_cid E:\work\isweek-dev\Application\Runtime\Cache\Home\fed3948f064c6e682df0776db3761049.php 第 57 行.
NOTIC: [8] Undefined variable: curr_search_cid E:\work\isweek-dev\Application\Runtime\Cache\Home\fed3948f064c6e682df0776db3761049.php 第 57 行.
NOTIC: [8] Undefined variable: curr_search_cid E:\work\isweek-dev\Application\Runtime\Cache\Home\fed3948f064c6e682df0776db3761049.php 第 57 行.
NOTIC: [8] Undefined variable: curr_search_cid E:\work\isweek-dev\Application\Runtime\Cache\Home\fed3948f064c6e682df0776db3761049.php 第 57 行.
NOTIC: [8] Undefined variable: curr_search_cid E:\work\isweek-dev\Application\Runtime\Cache\Home\fed3948f064c6e682df0776db3761049.php 第 57 行.
NOTIC: [8] Undefined variable: curr_search_cid E:\work\isweek-dev\Application\Runtime\Cache\Home\fed3948f064c6e682df0776db3761049.php 第 57 行.
NOTIC: [8] Undefined variable: left_curr_term_ids E:\work\isweek-dev\Application\Runtime\Cache\Home\fed3948f064c6e682df0776db3761049.php 第 178 行.
NOTIC: [2] Invalid argument supplied for foreach() E:\work\isweek-dev\Application\Runtime\Cache\Home\fed3948f064c6e682df0776db3761049.php 第 178 行.
NOTIC: [8] Undefined variable: left_curr_term_ids E:\work\isweek-dev\Application\Runtime\Cache\Home\fed3948f064c6e682df0776db3761049.php 第 178 行.
NOTIC: [2] Invalid argument supplied for foreach() E:\work\isweek-dev\Application\Runtime\Cache\Home\fed3948f064c6e682df0776db3761049.php 第 178 行.
INFO: Run Behavior\ParseTemplateBehavior [ RunTime:0.529271s ]
INFO: [ view_parse ] --END-- [ RunTime:0.529618s ]
INFO: [ view_filter ] --START--
INFO: Run Behavior\WriteHtmlCacheBehavior [ RunTime:0.026018s ]
INFO: [ view_filter ] --END-- [ RunTime:0.026289s ]
INFO: [ app_end ] --START--
INFO: Run Behavior\ShowPageTraceBehavior [ RunTime:0.035926s ]
INFO: [ app_end ] --END-- [ RunTime:0.036294s ]

