[ 2014-12-15T15:16:46+08:00 ] 192.168.2.200 /
INFO: [ app_init ] --START--
INFO: Run Behavior\BuildLiteBehavior [ RunTime:0.000079s ]
INFO: [ app_init ] --END-- [ RunTime:0.102205s ]

[ 2014-12-15T15:17:06+08:00 ] 192.168.2.200 /
INFO: [ app_init ] --START--
INFO: Run Behavior\BuildLiteBehavior [ RunTime:0.000065s ]
INFO: [ app_init ] --END-- [ RunTime:0.001882s ]

[ 2014-12-15T15:32:23+08:00 ] 192.168.2.200 /wholesale/led-lighting_2
INFO: [ app_init ] --START--
INFO: Run Behavior\BuildLiteBehavior [ RunTime:0.000071s ]
INFO: [ app_init ] --END-- [ RunTime:0.002767s ]

[ 2014-12-15T15:32:24+08:00 ] 192.168.2.200 /index.php/product/do_get_rand20
INFO: [ app_init ] --START--
INFO: Run Behavior\BuildLiteBehavior [ RunTime:0.000074s ]
INFO: [ app_init ] --END-- [ RunTime:0.002506s ]
INFO: [ app_begin ] --START--
INFO: Run Behavior\ReadHtmlCacheBehavior [ RunTime:0.002411s ]
INFO: [ app_begin ] --END-- [ RunTime:0.002712s ]
NOTIC: [8] Undefined index: cid E:\work\isweek-dev\Application\Home\Controller\CommonController.class.php 第 33 行.
SQL: SHOW COLUMNS FROM `sp_terms` [ RunTime:0.001393s ]
SQL: SELECT * FROM `sp_terms` WHERE ( `term_id` = 0 ) LIMIT 1   [ RunTime:0.000902s ]
SQL: SHOW COLUMNS FROM `sp_products` [ RunTime:0.001881s ]
SQL: SELECT * FROM `sp_products` WHERE ( `audit`=1 and `status`=1 ) ORDER BY rand() LIMIT 20   [ RunTime:0.017896s ]

[ 2014-12-15T15:32:24+08:00 ] 192.168.2.200 /wholesale/tablet-pcs_6
INFO: [ app_init ] --START--
INFO: Run Behavior\BuildLiteBehavior [ RunTime:0.000070s ]
INFO: [ app_init ] --END-- [ RunTime:0.001994s ]

[ 2014-12-15T15:32:27+08:00 ] 192.168.2.200 /wholesale/hair-extensions_8
INFO: [ app_init ] --START--
INFO: Run Behavior\BuildLiteBehavior [ RunTime:0.000028s ]
INFO: [ app_init ] --END-- [ RunTime:0.000716s ]

[ 2014-12-15T15:32:28+08:00 ] 192.168.2.200 /wholesale/home-accents_12
INFO: [ app_init ] --START--
INFO: Run Behavior\BuildLiteBehavior [ RunTime:0.000066s ]
INFO: [ app_init ] --END-- [ RunTime:0.001709s ]

[ 2014-12-15T15:32:30+08:00 ] 192.168.2.200 /wholesale/wedding-dresses_14
INFO: [ app_init ] --START--
INFO: Run Behavior\BuildLiteBehavior [ RunTime:0.000065s ]
INFO: [ app_init ] --END-- [ RunTime:0.001725s ]

[ 2014-12-15T15:32:31+08:00 ] 192.168.2.200 /wholesale/promotions_16
INFO: [ app_init ] --START--
INFO: Run Behavior\BuildLiteBehavior [ RunTime:0.000067s ]
INFO: [ app_init ] --END-- [ RunTime:0.001837s ]

[ 2014-12-15T15:32:31+08:00 ] 192.168.2.200 /wholesale/promotions_16
INFO: [ app_init ] --START--
INFO: Run Behavior\BuildLiteBehavior [ RunTime:0.000066s ]
INFO: [ app_init ] --END-- [ RunTime:0.001737s ]

[ 2014-12-15T15:32:32+08:00 ] 192.168.2.200 /contactus.html
INFO: [ app_init ] --START--
INFO: Run Behavior\BuildLiteBehavior [ RunTime:0.000027s ]
INFO: [ app_init ] --END-- [ RunTime:0.000646s ]

[ 2014-12-15T15:34:52+08:00 ] 192.168.2.200 /wholesale/home-accents_12
INFO: [ app_init ] --START--
INFO: Run Behavior\BuildLiteBehavior [ RunTime:0.000104s ]
INFO: [ app_init ] --END-- [ RunTime:0.001879s ]

[ 2014-12-15T15:34:53+08:00 ] 192.168.2.200 /wholesale/tablet-pcs_6
INFO: [ app_init ] --START--
INFO: Run Behavior\BuildLiteBehavior [ RunTime:0.000068s ]
INFO: [ app_init ] --END-- [ RunTime:0.001880s ]

[ 2014-12-15T15:34:53+08:00 ] 192.168.2.200 /wholesale/hair-extensions_8
INFO: [ app_init ] --START--
INFO: Run Behavior\BuildLiteBehavior [ RunTime:0.000068s ]
INFO: [ app_init ] --END-- [ RunTime:0.001899s ]

[ 2014-12-15T15:34:54+08:00 ] 192.168.2.200 /wholesale/home-accents_12
INFO: [ app_init ] --START--
INFO: Run Behavior\BuildLiteBehavior [ RunTime:0.000027s ]
INFO: [ app_init ] --END-- [ RunTime:0.000647s ]

[ 2014-12-15T15:34:56+08:00 ] 192.168.2.200 /contactus.html
INFO: [ app_init ] --START--
INFO: Run Behavior\BuildLiteBehavior [ RunTime:0.000065s ]
INFO: [ app_init ] --END-- [ RunTime:0.001719s ]

[ 2014-12-15T15:34:58+08:00 ] 192.168.2.200 /wholesale/wedding-dresses_14
INFO: [ app_init ] --START--
INFO: Run Behavior\BuildLiteBehavior [ RunTime:0.000066s ]
INFO: [ app_init ] --END-- [ RunTime:0.001707s ]

[ 2014-12-15T15:34:59+08:00 ] 192.168.2.200 /wholesale/home-accents_12
INFO: [ app_init ] --START--
INFO: Run Behavior\BuildLiteBehavior [ RunTime:0.000067s ]
INFO: [ app_init ] --END-- [ RunTime:0.001854s ]

[ 2014-12-15T16:50:13+08:00 ] 192.168.2.200 /wholesale/led-lighting_2
INFO: [ app_init ] --START--
INFO: Run Behavior\BuildLiteBehavior [ RunTime:0.000068s ]
INFO: [ app_init ] --END-- [ RunTime:0.002096s ]

[ 2014-12-15T16:50:15+08:00 ] 192.168.2.200 /index.php/product/do_get_rand20
INFO: [ app_init ] --START--
INFO: Run Behavior\BuildLiteBehavior [ RunTime:0.000067s ]
INFO: [ app_init ] --END-- [ RunTime:0.001863s ]
INFO: [ app_begin ] --START--
INFO: Run Behavior\ReadHtmlCacheBehavior [ RunTime:0.002290s ]
INFO: [ app_begin ] --END-- [ RunTime:0.002578s ]
NOTIC: [8] Undefined index: cid E:\work\isweek-dev\Application\Home\Controller\CommonController.class.php 第 33 行.
SQL: SHOW COLUMNS FROM `sp_terms` [ RunTime:0.001403s ]
SQL: SELECT * FROM `sp_terms` WHERE ( `term_id` = 0 ) LIMIT 1   [ RunTime:0.000949s ]
SQL: SHOW COLUMNS FROM `sp_products` [ RunTime:0.001987s ]
SQL: SELECT * FROM `sp_products` WHERE ( `audit`=1 and `status`=1 ) ORDER BY rand() LIMIT 20   [ RunTime:0.005375s ]

[ 2014-12-15T16:51:57+08:00 ] 192.168.2.200 /product/pressure-sensor-ms5540c_152.html
INFO: [ app_init ] --START--
INFO: Run Behavior\BuildLiteBehavior [ RunTime:0.000068s ]
INFO: [ app_init ] --END-- [ RunTime:0.001869s ]

[ 2014-12-15T16:51:58+08:00 ] 192.168.2.200 /index.php/product/do_get_rand20
INFO: [ app_init ] --START--
INFO: Run Behavior\BuildLiteBehavior [ RunTime:0.000067s ]
INFO: [ app_init ] --END-- [ RunTime:0.001692s ]
INFO: [ app_begin ] --START--
INFO: Run Behavior\ReadHtmlCacheBehavior [ RunTime:0.002709s ]
INFO: [ app_begin ] --END-- [ RunTime:0.003017s ]
NOTIC: [8] Undefined index: cid E:\work\isweek-dev\Application\Home\Controller\CommonController.class.php 第 33 行.
SQL: SHOW COLUMNS FROM `sp_terms` [ RunTime:0.001411s ]
SQL: SELECT * FROM `sp_terms` WHERE ( `term_id` = 0 ) LIMIT 1   [ RunTime:0.000936s ]
SQL: SHOW COLUMNS FROM `sp_products` [ RunTime:0.001895s ]
SQL: SELECT * FROM `sp_products` WHERE ( `audit`=1 and `status`=1 ) ORDER BY rand() LIMIT 20   [ RunTime:0.004886s ]

[ 2014-12-15T16:52:08+08:00 ] 192.168.2.200 /product/pressure-sensor-ms5540c_152.html
INFO: [ app_init ] --START--
INFO: Run Behavior\BuildLiteBehavior [ RunTime:0.000068s ]
INFO: [ app_init ] --END-- [ RunTime:0.001862s ]

[ 2014-12-15T16:52:08+08:00 ] 192.168.2.200 /index.php/product/do_get_rand20
INFO: [ app_init ] --START--
INFO: Run Behavior\BuildLiteBehavior [ RunTime:0.000027s ]
INFO: [ app_init ] --END-- [ RunTime:0.000646s ]
INFO: [ app_begin ] --START--
INFO: Run Behavior\ReadHtmlCacheBehavior [ RunTime:0.000881s ]
INFO: [ app_begin ] --END-- [ RunTime:0.000998s ]
NOTIC: [8] Undefined index: cid E:\work\isweek-dev\Application\Home\Controller\CommonController.class.php 第 33 行.
SQL: SHOW COLUMNS FROM `sp_terms` [ RunTime:0.001350s ]
SQL: SELECT * FROM `sp_terms` WHERE ( `term_id` = 0 ) LIMIT 1   [ RunTime:0.000801s ]
SQL: SHOW COLUMNS FROM `sp_products` [ RunTime:0.001827s ]
SQL: SELECT * FROM `sp_products` WHERE ( `audit`=1 and `status`=1 ) ORDER BY rand() LIMIT 20   [ RunTime:0.004167s ]

